2019-1-8 15:06:24 restartedMain INFO Refreshing org.springframework.boot.context.embedded.AnnotationConfigEmbeddedWebApplicationContext@64b4cb8e: startup date [Tue Jan 08 15:06:24 CST 2019]; parent: org.springframework.context.annotation.AnnotationConfigApplicationContext@3fc71364
2019-1-8 15:06:41 restartedMain INFO Tomcat initialized with port(s): 80 (http)
2019-1-8 15:06:44 localhost-startStop-1 INFO Mapping filter: 'metricsFilter' to: [/*]
2019-1-8 15:06:44 localhost-startStop-1 INFO Mapping filter: 'characterEncodingFilter' to: [/*]
2019-1-8 15:06:44 localhost-startStop-1 INFO Mapping filter: 'traceFilter' to: [/*]
2019-1-8 15:06:44 localhost-startStop-1 INFO Mapping filter: 'hiddenHttpMethodFilter' to: [/*]
2019-1-8 15:06:44 localhost-startStop-1 INFO Mapping filter: 'httpPutFormContentFilter' to: [/*]
2019-1-8 15:06:44 localhost-startStop-1 INFO Mapping filter: 'requestContextFilter' to: [/*]
2019-1-8 15:06:44 localhost-startStop-1 INFO Mapping filter: 'webRequestLoggingFilter' to: [/*]
2019-1-8 15:06:44 localhost-startStop-1 INFO Mapping filter: 'applicationContextIdFilter' to: [/*]
2019-1-8 15:06:44 localhost-startStop-1 INFO Mapping servlet: 'dispatcherServlet' to [/]
2019-1-8 15:07:09 restartedMain INFO Mapped "{[/beans || /beans.json],methods=[GET],produces=[application/vnd.spring-boot.actuator.v1+json || application/json]}" onto public java.lang.Object org.springframework.boot.actuate.endpoint.mvc.EndpointMvcAdapter.invoke()
2019-1-8 15:07:09 restartedMain INFO Mapped "{[/metrics/{name:.*}],methods=[GET],produces=[application/vnd.spring-boot.actuator.v1+json || application/json]}" onto public java.lang.Object org.springframework.boot.actuate.endpoint.mvc.MetricsMvcEndpoint.value(java.lang.String)
2019-1-8 15:07:09 restartedMain INFO Mapped "{[/metrics || /metrics.json],methods=[GET],produces=[application/vnd.spring-boot.actuator.v1+json || application/json]}" onto public java.lang.Object org.springframework.boot.actuate.endpoint.mvc.EndpointMvcAdapter.invoke()
2019-1-8 15:07:09 restartedMain INFO Mapped "{[/trace || /trace.json],methods=[GET],produces=[application/vnd.spring-boot.actuator.v1+json || application/json]}" onto public java.lang.Object org.springframework.boot.actuate.endpoint.mvc.EndpointMvcAdapter.invoke()
2019-1-8 15:07:09 restartedMain INFO Mapped "{[/channels || /channels.json],methods=[GET],produces=[application/vnd.spring-boot.actuator.v1+json || application/json]}" onto public java.lang.Object org.springframework.boot.actuate.endpoint.mvc.EndpointMvcAdapter.invoke()
2019-1-8 15:07:09 restartedMain INFO Mapped "{[/bus/env],methods=[POST]}" onto public void org.springframework.cloud.bus.endpoint.EnvironmentBusEndpoint.env(java.util.Map<java.lang.String, java.lang.String>,java.lang.String)
2019-1-8 15:07:09 restartedMain INFO Mapped "{[/features || /features.json],methods=[GET],produces=[application/vnd.spring-boot.actuator.v1+json || application/json]}" onto public java.lang.Object org.springframework.boot.actuate.endpoint.mvc.EndpointMvcAdapter.invoke()
2019-1-8 15:07:09 restartedMain INFO Mapped "{[/autoconfig || /autoconfig.json],methods=[GET],produces=[application/vnd.spring-boot.actuator.v1+json || application/json]}" onto public java.lang.Object org.springframework.boot.actuate.endpoint.mvc.EndpointMvcAdapter.invoke()
2019-1-8 15:07:09 restartedMain INFO Mapped "{[/configprops || /configprops.json],methods=[GET],produces=[application/vnd.spring-boot.actuator.v1+json || application/json]}" onto public java.lang.Object org.springframework.boot.actuate.endpoint.mvc.EndpointMvcAdapter.invoke()
2019-1-8 15:07:09 restartedMain INFO Mapped "{[/health || /health.json],methods=[GET],produces=[application/vnd.spring-boot.actuator.v1+json || application/json]}" onto public java.lang.Object org.springframework.boot.actuate.endpoint.mvc.HealthMvcEndpoint.invoke(javax.servlet.http.HttpServletRequest,java.security.Principal)
2019-1-8 15:07:09 restartedMain INFO Mapped "{[/bus/refresh],methods=[POST]}" onto public void org.springframework.cloud.bus.endpoint.RefreshBusEndpoint.refresh(java.lang.String)
2019-1-8 15:07:09 restartedMain INFO Mapped "{[/info || /info.json],methods=[GET],produces=[application/vnd.spring-boot.actuator.v1+json || application/json]}" onto public java.lang.Object org.springframework.boot.actuate.endpoint.mvc.EndpointMvcAdapter.invoke()
2019-1-8 15:07:09 restartedMain INFO Mapped "{[/loggers/{name:.*}],methods=[GET],produces=[application/vnd.spring-boot.actuator.v1+json || application/json]}" onto public java.lang.Object org.springframework.boot.actuate.endpoint.mvc.LoggersMvcEndpoint.get(java.lang.String)
2019-1-8 15:07:09 restartedMain INFO Mapped "{[/loggers/{name:.*}],methods=[POST],consumes=[application/vnd.spring-boot.actuator.v1+json || application/json],produces=[application/vnd.spring-boot.actuator.v1+json || application/json]}" onto public java.lang.Object org.springframework.boot.actuate.endpoint.mvc.LoggersMvcEndpoint.set(java.lang.String,java.util.Map<java.lang.String, java.lang.String>)
2019-1-8 15:07:09 restartedMain INFO Mapped "{[/loggers || /loggers.json],methods=[GET],produces=[application/vnd.spring-boot.actuator.v1+json || application/json]}" onto public java.lang.Object org.springframework.boot.actuate.endpoint.mvc.EndpointMvcAdapter.invoke()
2019-1-8 15:07:09 restartedMain INFO Mapped "{[/dump || /dump.json],methods=[GET],produces=[application/vnd.spring-boot.actuator.v1+json || application/json]}" onto public java.lang.Object org.springframework.boot.actuate.endpoint.mvc.EndpointMvcAdapter.invoke()
2019-1-8 15:07:09 restartedMain INFO Mapped "{[/env/{name:.*}],methods=[GET],produces=[application/vnd.spring-boot.actuator.v1+json || application/json]}" onto public java.lang.Object org.springframework.boot.actuate.endpoint.mvc.EnvironmentMvcEndpoint.value(java.lang.String)
2019-1-8 15:07:09 restartedMain INFO Mapped "{[/env || /env.json],methods=[GET],produces=[application/vnd.spring-boot.actuator.v1+json || application/json]}" onto public java.lang.Object org.springframework.boot.actuate.endpoint.mvc.EndpointMvcAdapter.invoke()
2019-1-8 15:07:09 restartedMain INFO Mapped "{[/archaius || /archaius.json],methods=[GET],produces=[application/vnd.spring-boot.actuator.v1+json || application/json]}" onto public java.lang.Object org.springframework.boot.actuate.endpoint.mvc.EndpointMvcAdapter.invoke()
2019-1-8 15:07:09 restartedMain INFO Mapped "{[/refresh || /refresh.json],methods=[POST]}" onto public java.lang.Object org.springframework.cloud.endpoint.GenericPostableMvcEndpoint.invoke()
2019-1-8 15:07:09 restartedMain INFO Mapped "{[/env],methods=[POST]}" onto public java.lang.Object org.springframework.cloud.context.environment.EnvironmentManagerMvcEndpoint.value(java.util.Map<java.lang.String, java.lang.String>)
2019-1-8 15:07:09 restartedMain INFO Mapped "{[/env/reset],methods=[POST]}" onto public java.util.Map<java.lang.String, java.lang.Object> org.springframework.cloud.context.environment.EnvironmentManagerMvcEndpoint.reset()
2019-1-8 15:07:09 restartedMain INFO Mapped "{[/heapdump || /heapdump.json],methods=[GET],produces=[application/octet-stream]}" onto public void org.springframework.boot.actuate.endpoint.mvc.HeapdumpMvcEndpoint.invoke(boolean,javax.servlet.http.HttpServletRequest,javax.servlet.http.HttpServletResponse) throws java.io.IOException,javax.servlet.ServletException
2019-1-8 15:07:09 restartedMain INFO Mapped "{[/auditevents || /auditevents.json],methods=[GET],produces=[application/vnd.spring-boot.actuator.v1+json || application/json]}" onto public org.springframework.http.ResponseEntity<?> org.springframework.boot.actuate.endpoint.mvc.AuditEventsMvcEndpoint.findByPrincipalAndAfterAndType(java.lang.String,java.util.Date,java.lang.String)
2019-1-8 15:07:09 restartedMain INFO Mapped "{[/service-registry/instance-status],methods=[GET]}" onto public org.springframework.http.ResponseEntity org.springframework.cloud.client.serviceregistry.endpoint.ServiceRegistryEndpoint.getStatus()
2019-1-8 15:07:09 restartedMain INFO Mapped "{[/service-registry/instance-status],methods=[POST]}" onto public org.springframework.http.ResponseEntity<?> org.springframework.cloud.client.serviceregistry.endpoint.ServiceRegistryEndpoint.setStatus(java.lang.String)
2019-1-8 15:07:09 restartedMain INFO Mapped "{[/mappings || /mappings.json],methods=[GET],produces=[application/vnd.spring-boot.actuator.v1+json || application/json]}" onto public java.lang.Object org.springframework.boot.actuate.endpoint.mvc.EndpointMvcAdapter.invoke()
2019-1-8 15:07:11 restartedMain INFO LiveReload server is running on port 35729
2019-1-8 15:07:18 restartedMain INFO Registering beans for JMX exposure on startup
2019-1-8 15:07:38 restartedMain INFO Located managed bean 'auditEventsEndpoint': registering with JMX server as MBean [org.springframework.boot:type=Endpoint,name=auditEventsEndpoint]
2019-1-8 15:07:39 restartedMain INFO Located managed bean 'archaiusEndpoint': registering with JMX server as MBean [org.springframework.boot:type=Endpoint,name=archaiusEndpoint]
2019-1-8 15:07:39 restartedMain INFO Located managed bean 'featuresEndpoint': registering with JMX server as MBean [org.springframework.boot:type=Endpoint,name=featuresEndpoint]
2019-1-8 15:07:39 restartedMain INFO Located managed bean 'requestMappingEndpoint': registering with JMX server as MBean [org.springframework.boot:type=Endpoint,name=requestMappingEndpoint]
2019-1-8 15:07:39 restartedMain INFO Located managed bean 'environmentEndpoint': registering with JMX server as MBean [org.springframework.boot:type=Endpoint,name=environmentEndpoint]
2019-1-8 15:07:39 restartedMain INFO Located managed bean 'healthEndpoint': registering with JMX server as MBean [org.springframework.boot:type=Endpoint,name=healthEndpoint]
2019-1-8 15:07:39 restartedMain INFO Located managed bean 'beansEndpoint': registering with JMX server as MBean [org.springframework.boot:type=Endpoint,name=beansEndpoint]
2019-1-8 15:07:39 restartedMain INFO Located managed bean 'infoEndpoint': registering with JMX server as MBean [org.springframework.boot:type=Endpoint,name=infoEndpoint]
2019-1-8 15:07:39 restartedMain INFO Located managed bean 'loggersEndpoint': registering with JMX server as MBean [org.springframework.boot:type=Endpoint,name=loggersEndpoint]
2019-1-8 15:07:39 restartedMain INFO Located managed bean 'metricsEndpoint': registering with JMX server as MBean [org.springframework.boot:type=Endpoint,name=metricsEndpoint]
2019-1-8 15:07:39 restartedMain INFO Located managed bean 'traceEndpoint': registering with JMX server as MBean [org.springframework.boot:type=Endpoint,name=traceEndpoint]
2019-1-8 15:07:39 restartedMain INFO Located managed bean 'dumpEndpoint': registering with JMX server as MBean [org.springframework.boot:type=Endpoint,name=dumpEndpoint]
2019-1-8 15:07:39 restartedMain INFO Located managed bean 'autoConfigurationReportEndpoint': registering with JMX server as MBean [org.springframework.boot:type=Endpoint,name=autoConfigurationReportEndpoint]
2019-1-8 15:07:39 restartedMain INFO Located managed bean 'configurationPropertiesReportEndpoint': registering with JMX server as MBean [org.springframework.boot:type=Endpoint,name=configurationPropertiesReportEndpoint]
2019-1-8 15:07:39 restartedMain INFO Located managed bean 'busEndpoint': registering with JMX server as MBean [org.springframework.boot:type=Endpoint,name=busEndpoint]
2019-1-8 15:07:39 restartedMain INFO Located managed bean 'channelsEndpoint': registering with JMX server as MBean [org.springframework.boot:type=Endpoint,name=channelsEndpoint]
2019-1-8 15:07:40 restartedMain INFO Tomcat started on port(s): 80 (http)
2019-1-8 15:08:09 Thread-9 INFO Closing org.springframework.boot.context.embedded.AnnotationConfigEmbeddedWebApplicationContext@64b4cb8e: startup date [Tue Jan 08 15:06:24 CST 2019]; parent: org.springframework.context.annotation.AnnotationConfigApplicationContext@3fc71364
2019-1-8 15:08:09 Thread-9 INFO Unregistering JMX-exposed beans on shutdown
2019-1-8 15:08:09 Thread-9 INFO Unregistering JMX-exposed beans
2019-1-8 15:08:16 restartedMain INFO Refreshing org.springframework.boot.context.embedded.AnnotationConfigEmbeddedWebApplicationContext@7a1ef424: startup date [Tue Jan 08 15:08:16 CST 2019]; parent: org.springframework.context.annotation.AnnotationConfigApplicationContext@1a5f8c23
2019-1-8 15:08:26 restartedMain INFO Tomcat initialized with port(s): 80 (http)
2019-1-8 15:08:27 localhost-startStop-1 INFO Mapping filter: 'metricsFilter' to: [/*]
2019-1-8 15:08:27 localhost-startStop-1 INFO Mapping filter: 'characterEncodingFilter' to: [/*]
2019-1-8 15:08:27 localhost-startStop-1 INFO Mapping filter: 'traceFilter' to: [/*]
2019-1-8 15:08:27 localhost-startStop-1 INFO Mapping filter: 'hiddenHttpMethodFilter' to: [/*]
2019-1-8 15:08:27 localhost-startStop-1 INFO Mapping filter: 'httpPutFormContentFilter' to: [/*]
2019-1-8 15:08:27 localhost-startStop-1 INFO Mapping filter: 'requestContextFilter' to: [/*]
2019-1-8 15:08:27 localhost-startStop-1 INFO Mapping filter: 'webRequestLoggingFilter' to: [/*]
2019-1-8 15:08:27 localhost-startStop-1 INFO Mapping filter: 'applicationContextIdFilter' to: [/*]
2019-1-8 15:08:27 localhost-startStop-1 INFO Mapping servlet: 'dispatcherServlet' to [/]
2019-1-8 15:08:36 restartedMain INFO Mapped "{[/env/{name:.*}],methods=[GET],produces=[application/vnd.spring-boot.actuator.v1+json || application/json]}" onto public java.lang.Object org.springframework.boot.actuate.endpoint.mvc.EnvironmentMvcEndpoint.value(java.lang.String)
2019-1-8 15:08:36 restartedMain INFO Mapped "{[/env || /env.json],methods=[GET],produces=[application/vnd.spring-boot.actuator.v1+json || application/json]}" onto public java.lang.Object org.springframework.boot.actuate.endpoint.mvc.EndpointMvcAdapter.invoke()
2019-1-8 15:08:36 restartedMain INFO Mapped "{[/archaius || /archaius.json],methods=[GET],produces=[application/vnd.spring-boot.actuator.v1+json || application/json]}" onto public java.lang.Object org.springframework.boot.actuate.endpoint.mvc.EndpointMvcAdapter.invoke()
2019-1-8 15:08:36 restartedMain INFO Mapped "{[/metrics/{name:.*}],methods=[GET],produces=[application/vnd.spring-boot.actuator.v1+json || application/json]}" onto public java.lang.Object org.springframework.boot.actuate.endpoint.mvc.MetricsMvcEndpoint.value(java.lang.String)
2019-1-8 15:08:36 restartedMain INFO Mapped "{[/metrics || /metrics.json],methods=[GET],produces=[application/vnd.spring-boot.actuator.v1+json || application/json]}" onto public java.lang.Object org.springframework.boot.actuate.endpoint.mvc.EndpointMvcAdapter.invoke()
2019-1-8 15:08:36 restartedMain INFO Mapped "{[/dump || /dump.json],methods=[GET],produces=[application/vnd.spring-boot.actuator.v1+json || application/json]}" onto public java.lang.Object org.springframework.boot.actuate.endpoint.mvc.EndpointMvcAdapter.invoke()
2019-1-8 15:08:36 restartedMain INFO Mapped "{[/heapdump || /heapdump.json],methods=[GET],produces=[application/octet-stream]}" onto public void org.springframework.boot.actuate.endpoint.mvc.HeapdumpMvcEndpoint.invoke(boolean,javax.servlet.http.HttpServletRequest,javax.servlet.http.HttpServletResponse) throws java.io.IOException,javax.servlet.ServletException
2019-1-8 15:08:36 restartedMain INFO Mapped "{[/service-registry/instance-status],methods=[GET]}" onto public org.springframework.http.ResponseEntity org.springframework.cloud.client.serviceregistry.endpoint.ServiceRegistryEndpoint.getStatus()
2019-1-8 15:08:36 restartedMain INFO Mapped "{[/service-registry/instance-status],methods=[POST]}" onto public org.springframework.http.ResponseEntity<?> org.springframework.cloud.client.serviceregistry.endpoint.ServiceRegistryEndpoint.setStatus(java.lang.String)
2019-1-8 15:08:36 restartedMain INFO Mapped "{[/health || /health.json],methods=[GET],produces=[application/vnd.spring-boot.actuator.v1+json || application/json]}" onto public java.lang.Object org.springframework.boot.actuate.endpoint.mvc.HealthMvcEndpoint.invoke(javax.servlet.http.HttpServletRequest,java.security.Principal)
2019-1-8 15:08:36 restartedMain INFO Mapped "{[/bus/refresh],methods=[POST]}" onto public void org.springframework.cloud.bus.endpoint.RefreshBusEndpoint.refresh(java.lang.String)
2019-1-8 15:08:36 restartedMain INFO Mapped "{[/channels || /channels.json],methods=[GET],produces=[application/vnd.spring-boot.actuator.v1+json || application/json]}" onto public java.lang.Object org.springframework.boot.actuate.endpoint.mvc.EndpointMvcAdapter.invoke()
2019-1-8 15:08:36 restartedMain INFO Mapped "{[/autoconfig || /autoconfig.json],methods=[GET],produces=[application/vnd.spring-boot.actuator.v1+json || application/json]}" onto public java.lang.Object org.springframework.boot.actuate.endpoint.mvc.EndpointMvcAdapter.invoke()
2019-1-8 15:08:36 restartedMain INFO Mapped "{[/env],methods=[POST]}" onto public java.lang.Object org.springframework.cloud.context.environment.EnvironmentManagerMvcEndpoint.value(java.util.Map<java.lang.String, java.lang.String>)
2019-1-8 15:08:36 restartedMain INFO Mapped "{[/env/reset],methods=[POST]}" onto public java.util.Map<java.lang.String, java.lang.Object> org.springframework.cloud.context.environment.EnvironmentManagerMvcEndpoint.reset()
2019-1-8 15:08:36 restartedMain INFO Mapped "{[/refresh || /refresh.json],methods=[POST]}" onto public java.lang.Object org.springframework.cloud.endpoint.GenericPostableMvcEndpoint.invoke()
2019-1-8 15:08:36 restartedMain INFO Mapped "{[/trace || /trace.json],methods=[GET],produces=[application/vnd.spring-boot.actuator.v1+json || application/json]}" onto public java.lang.Object org.springframework.boot.actuate.endpoint.mvc.EndpointMvcAdapter.invoke()
2019-1-8 15:08:36 restartedMain INFO Mapped "{[/features || /features.json],methods=[GET],produces=[application/vnd.spring-boot.actuator.v1+json || application/json]}" onto public java.lang.Object org.springframework.boot.actuate.endpoint.mvc.EndpointMvcAdapter.invoke()
2019-1-8 15:08:36 restartedMain INFO Mapped "{[/loggers/{name:.*}],methods=[GET],produces=[application/vnd.spring-boot.actuator.v1+json || application/json]}" onto public java.lang.Object org.springframework.boot.actuate.endpoint.mvc.LoggersMvcEndpoint.get(java.lang.String)
2019-1-8 15:08:36 restartedMain INFO Mapped "{[/loggers/{name:.*}],methods=[POST],consumes=[application/vnd.spring-boot.actuator.v1+json || application/json],produces=[application/vnd.spring-boot.actuator.v1+json || application/json]}" onto public java.lang.Object org.springframework.boot.actuate.endpoint.mvc.LoggersMvcEndpoint.set(java.lang.String,java.util.Map<java.lang.String, java.lang.String>)
2019-1-8 15:08:36 restartedMain INFO Mapped "{[/loggers || /loggers.json],methods=[GET],produces=[application/vnd.spring-boot.actuator.v1+json || application/json]}" onto public java.lang.Object org.springframework.boot.actuate.endpoint.mvc.EndpointMvcAdapter.invoke()
2019-1-8 15:08:36 restartedMain INFO Mapped "{[/configprops || /configprops.json],methods=[GET],produces=[application/vnd.spring-boot.actuator.v1+json || application/json]}" onto public java.lang.Object org.springframework.boot.actuate.endpoint.mvc.EndpointMvcAdapter.invoke()
2019-1-8 15:08:36 restartedMain INFO Mapped "{[/mappings || /mappings.json],methods=[GET],produces=[application/vnd.spring-boot.actuator.v1+json || application/json]}" onto public java.lang.Object org.springframework.boot.actuate.endpoint.mvc.EndpointMvcAdapter.invoke()
2019-1-8 15:08:36 restartedMain INFO Mapped "{[/auditevents || /auditevents.json],methods=[GET],produces=[application/vnd.spring-boot.actuator.v1+json || application/json]}" onto public org.springframework.http.ResponseEntity<?> org.springframework.boot.actuate.endpoint.mvc.AuditEventsMvcEndpoint.findByPrincipalAndAfterAndType(java.lang.String,java.util.Date,java.lang.String)
2019-1-8 15:08:36 restartedMain INFO Mapped "{[/beans || /beans.json],methods=[GET],produces=[application/vnd.spring-boot.actuator.v1+json || application/json]}" onto public java.lang.Object org.springframework.boot.actuate.endpoint.mvc.EndpointMvcAdapter.invoke()
2019-1-8 15:08:36 restartedMain INFO Mapped "{[/bus/env],methods=[POST]}" onto public void org.springframework.cloud.bus.endpoint.EnvironmentBusEndpoint.env(java.util.Map<java.lang.String, java.lang.String>,java.lang.String)
2019-1-8 15:08:36 restartedMain INFO Mapped "{[/info || /info.json],methods=[GET],produces=[application/vnd.spring-boot.actuator.v1+json || application/json]}" onto public java.lang.Object org.springframework.boot.actuate.endpoint.mvc.EndpointMvcAdapter.invoke()
2019-1-8 15:08:37 restartedMain INFO LiveReload server is running on port 35729
2019-1-8 15:08:40 restartedMain INFO Registering beans for JMX exposure on startup
2019-1-8 15:08:43 restartedMain INFO Located managed bean 'auditEventsEndpoint': registering with JMX server as MBean [org.springframework.boot:type=Endpoint,name=auditEventsEndpoint]
2019-1-8 15:08:43 restartedMain INFO Located managed bean 'archaiusEndpoint': registering with JMX server as MBean [org.springframework.boot:type=Endpoint,name=archaiusEndpoint]
2019-1-8 15:08:43 restartedMain INFO Located managed bean 'featuresEndpoint': registering with JMX server as MBean [org.springframework.boot:type=Endpoint,name=featuresEndpoint]
2019-1-8 15:08:43 restartedMain INFO Located managed bean 'requestMappingEndpoint': registering with JMX server as MBean [org.springframework.boot:type=Endpoint,name=requestMappingEndpoint]
2019-1-8 15:08:43 restartedMain INFO Located managed bean 'environmentEndpoint': registering with JMX server as MBean [org.springframework.boot:type=Endpoint,name=environmentEndpoint]
2019-1-8 15:08:43 restartedMain INFO Located managed bean 'healthEndpoint': registering with JMX server as MBean [org.springframework.boot:type=Endpoint,name=healthEndpoint]
2019-1-8 15:08:43 restartedMain INFO Located managed bean 'beansEndpoint': registering with JMX server as MBean [org.springframework.boot:type=Endpoint,name=beansEndpoint]
2019-1-8 15:08:43 restartedMain INFO Located managed bean 'infoEndpoint': registering with JMX server as MBean [org.springframework.boot:type=Endpoint,name=infoEndpoint]
2019-1-8 15:08:43 restartedMain INFO Located managed bean 'loggersEndpoint': registering with JMX server as MBean [org.springframework.boot:type=Endpoint,name=loggersEndpoint]
2019-1-8 15:08:43 restartedMain INFO Located managed bean 'metricsEndpoint': registering with JMX server as MBean [org.springframework.boot:type=Endpoint,name=metricsEndpoint]
2019-1-8 15:08:43 restartedMain INFO Located managed bean 'traceEndpoint': registering with JMX server as MBean [org.springframework.boot:type=Endpoint,name=traceEndpoint]
2019-1-8 15:08:43 restartedMain INFO Located managed bean 'dumpEndpoint': registering with JMX server as MBean [org.springframework.boot:type=Endpoint,name=dumpEndpoint]
2019-1-8 15:08:43 restartedMain INFO Located managed bean 'autoConfigurationReportEndpoint': registering with JMX server as MBean [org.springframework.boot:type=Endpoint,name=autoConfigurationReportEndpoint]
2019-1-8 15:08:43 restartedMain INFO Located managed bean 'configurationPropertiesReportEndpoint': registering with JMX server as MBean [org.springframework.boot:type=Endpoint,name=configurationPropertiesReportEndpoint]
2019-1-8 15:08:44 restartedMain INFO Located managed bean 'busEndpoint': registering with JMX server as MBean [org.springframework.boot:type=Endpoint,name=busEndpoint]
2019-1-8 15:08:44 restartedMain INFO Located managed bean 'channelsEndpoint': registering with JMX server as MBean [org.springframework.boot:type=Endpoint,name=channelsEndpoint]
2019-1-8 15:08:44 restartedMain INFO Tomcat started on port(s): 80 (http)
2019-1-8 15:09:39 Thread-14 INFO Closing org.springframework.boot.context.embedded.AnnotationConfigEmbeddedWebApplicationContext@7a1ef424: startup date [Tue Jan 08 15:08:16 CST 2019]; parent: org.springframework.context.annotation.AnnotationConfigApplicationContext@1a5f8c23
2019-1-8 15:09:39 Thread-14 INFO Unregistering JMX-exposed beans on shutdown
2019-1-8 15:09:39 Thread-14 INFO Unregistering JMX-exposed beans
2019-1-8 15:09:44 restartedMain INFO Refreshing org.springframework.boot.context.embedded.AnnotationConfigEmbeddedWebApplicationContext@5608ca92: startup date [Tue Jan 08 15:09:44 CST 2019]; parent: org.springframework.context.annotation.AnnotationConfigApplicationContext@2e641635
2019-1-8 15:09:50 restartedMain INFO Tomcat initialized with port(s): 80 (http)
2019-1-8 15:09:50 localhost-startStop-1 INFO Mapping filter: 'metricsFilter' to: [/*]
2019-1-8 15:09:50 localhost-startStop-1 INFO Mapping filter: 'characterEncodingFilter' to: [/*]
2019-1-8 15:09:50 localhost-startStop-1 INFO Mapping filter: 'traceFilter' to: [/*]
2019-1-8 15:09:50 localhost-startStop-1 INFO Mapping filter: 'hiddenHttpMethodFilter' to: [/*]
2019-1-8 15:09:50 localhost-startStop-1 INFO Mapping filter: 'httpPutFormContentFilter' to: [/*]
2019-1-8 15:09:50 localhost-startStop-1 INFO Mapping filter: 'requestContextFilter' to: [/*]
2019-1-8 15:09:50 localhost-startStop-1 INFO Mapping filter: 'webRequestLoggingFilter' to: [/*]
2019-1-8 15:09:50 localhost-startStop-1 INFO Mapping filter: 'applicationContextIdFilter' to: [/*]
2019-1-8 15:09:50 localhost-startStop-1 INFO Mapping servlet: 'dispatcherServlet' to [/]
2019-1-8 15:09:58 restartedMain INFO Mapped "{[/metrics/{name:.*}],methods=[GET],produces=[application/vnd.spring-boot.actuator.v1+json || application/json]}" onto public java.lang.Object org.springframework.boot.actuate.endpoint.mvc.MetricsMvcEndpoint.value(java.lang.String)
2019-1-8 15:09:58 restartedMain INFO Mapped "{[/metrics || /metrics.json],methods=[GET],produces=[application/vnd.spring-boot.actuator.v1+json || application/json]}" onto public java.lang.Object org.springframework.boot.actuate.endpoint.mvc.EndpointMvcAdapter.invoke()
2019-1-8 15:09:58 restartedMain INFO Mapped "{[/refresh || /refresh.json],methods=[POST]}" onto public java.lang.Object org.springframework.cloud.endpoint.GenericPostableMvcEndpoint.invoke()
2019-1-8 15:09:58 restartedMain INFO Mapped "{[/channels || /channels.json],methods=[GET],produces=[application/vnd.spring-boot.actuator.v1+json || application/json]}" onto public java.lang.Object org.springframework.boot.actuate.endpoint.mvc.EndpointMvcAdapter.invoke()
2019-1-8 15:09:58 restartedMain INFO Mapped "{[/service-registry/instance-status],methods=[GET]}" onto public org.springframework.http.ResponseEntity org.springframework.cloud.client.serviceregistry.endpoint.ServiceRegistryEndpoint.getStatus()
2019-1-8 15:09:58 restartedMain INFO Mapped "{[/service-registry/instance-status],methods=[POST]}" onto public org.springframework.http.ResponseEntity<?> org.springframework.cloud.client.serviceregistry.endpoint.ServiceRegistryEndpoint.setStatus(java.lang.String)
2019-1-8 15:09:58 restartedMain INFO Mapped "{[/archaius || /archaius.json],methods=[GET],produces=[application/vnd.spring-boot.actuator.v1+json || application/json]}" onto public java.lang.Object org.springframework.boot.actuate.endpoint.mvc.EndpointMvcAdapter.invoke()
2019-1-8 15:09:58 restartedMain INFO Mapped "{[/trace || /trace.json],methods=[GET],produces=[application/vnd.spring-boot.actuator.v1+json || application/json]}" onto public java.lang.Object org.springframework.boot.actuate.endpoint.mvc.EndpointMvcAdapter.invoke()
2019-1-8 15:09:58 restartedMain INFO Mapped "{[/auditevents || /auditevents.json],methods=[GET],produces=[application/vnd.spring-boot.actuator.v1+json || application/json]}" onto public org.springframework.http.ResponseEntity<?> org.springframework.boot.actuate.endpoint.mvc.AuditEventsMvcEndpoint.findByPrincipalAndAfterAndType(java.lang.String,java.util.Date,java.lang.String)
2019-1-8 15:09:58 restartedMain INFO Mapped "{[/features || /features.json],methods=[GET],produces=[application/vnd.spring-boot.actuator.v1+json || application/json]}" onto public java.lang.Object org.springframework.boot.actuate.endpoint.mvc.EndpointMvcAdapter.invoke()
2019-1-8 15:09:58 restartedMain INFO Mapped "{[/loggers/{name:.*}],methods=[GET],produces=[application/vnd.spring-boot.actuator.v1+json || application/json]}" onto public java.lang.Object org.springframework.boot.actuate.endpoint.mvc.LoggersMvcEndpoint.get(java.lang.String)
2019-1-8 15:09:58 restartedMain INFO Mapped "{[/loggers/{name:.*}],methods=[POST],consumes=[application/vnd.spring-boot.actuator.v1+json || application/json],produces=[application/vnd.spring-boot.actuator.v1+json || application/json]}" onto public java.lang.Object org.springframework.boot.actuate.endpoint.mvc.LoggersMvcEndpoint.set(java.lang.String,java.util.Map<java.lang.String, java.lang.String>)
2019-1-8 15:09:58 restartedMain INFO Mapped "{[/loggers || /loggers.json],methods=[GET],produces=[application/vnd.spring-boot.actuator.v1+json || application/json]}" onto public java.lang.Object org.springframework.boot.actuate.endpoint.mvc.EndpointMvcAdapter.invoke()
2019-1-8 15:09:58 restartedMain INFO Mapped "{[/env],methods=[POST]}" onto public java.lang.Object org.springframework.cloud.context.environment.EnvironmentManagerMvcEndpoint.value(java.util.Map<java.lang.String, java.lang.String>)
2019-1-8 15:09:58 restartedMain INFO Mapped "{[/env/reset],methods=[POST]}" onto public java.util.Map<java.lang.String, java.lang.Object> org.springframework.cloud.context.environment.EnvironmentManagerMvcEndpoint.reset()
2019-1-8 15:09:58 restartedMain INFO Mapped "{[/dump || /dump.json],methods=[GET],produces=[application/vnd.spring-boot.actuator.v1+json || application/json]}" onto public java.lang.Object org.springframework.boot.actuate.endpoint.mvc.EndpointMvcAdapter.invoke()
2019-1-8 15:09:58 restartedMain INFO Mapped "{[/heapdump || /heapdump.json],methods=[GET],produces=[application/octet-stream]}" onto public void org.springframework.boot.actuate.endpoint.mvc.HeapdumpMvcEndpoint.invoke(boolean,javax.servlet.http.HttpServletRequest,javax.servlet.http.HttpServletResponse) throws java.io.IOException,javax.servlet.ServletException
2019-1-8 15:09:58 restartedMain INFO Mapped "{[/configprops || /configprops.json],methods=[GET],produces=[application/vnd.spring-boot.actuator.v1+json || application/json]}" onto public java.lang.Object org.springframework.boot.actuate.endpoint.mvc.EndpointMvcAdapter.invoke()
2019-1-8 15:09:58 restartedMain INFO Mapped "{[/env/{name:.*}],methods=[GET],produces=[application/vnd.spring-boot.actuator.v1+json || application/json]}" onto public java.lang.Object org.springframework.boot.actuate.endpoint.mvc.EnvironmentMvcEndpoint.value(java.lang.String)
2019-1-8 15:09:58 restartedMain INFO Mapped "{[/env || /env.json],methods=[GET],produces=[application/vnd.spring-boot.actuator.v1+json || application/json]}" onto public java.lang.Object org.springframework.boot.actuate.endpoint.mvc.EndpointMvcAdapter.invoke()
2019-1-8 15:09:58 restartedMain INFO Mapped "{[/autoconfig || /autoconfig.json],methods=[GET],produces=[application/vnd.spring-boot.actuator.v1+json || application/json]}" onto public java.lang.Object org.springframework.boot.actuate.endpoint.mvc.EndpointMvcAdapter.invoke()
2019-1-8 15:09:58 restartedMain INFO Mapped "{[/bus/env],methods=[POST]}" onto public void org.springframework.cloud.bus.endpoint.EnvironmentBusEndpoint.env(java.util.Map<java.lang.String, java.lang.String>,java.lang.String)
2019-1-8 15:09:58 restartedMain INFO Mapped "{[/info || /info.json],methods=[GET],produces=[application/vnd.spring-boot.actuator.v1+json || application/json]}" onto public java.lang.Object org.springframework.boot.actuate.endpoint.mvc.EndpointMvcAdapter.invoke()
2019-1-8 15:09:58 restartedMain INFO Mapped "{[/mappings || /mappings.json],methods=[GET],produces=[application/vnd.spring-boot.actuator.v1+json || application/json]}" onto public java.lang.Object org.springframework.boot.actuate.endpoint.mvc.EndpointMvcAdapter.invoke()
2019-1-8 15:09:58 restartedMain INFO Mapped "{[/beans || /beans.json],methods=[GET],produces=[application/vnd.spring-boot.actuator.v1+json || application/json]}" onto public java.lang.Object org.springframework.boot.actuate.endpoint.mvc.EndpointMvcAdapter.invoke()
2019-1-8 15:09:58 restartedMain INFO Mapped "{[/health || /health.json],methods=[GET],produces=[application/vnd.spring-boot.actuator.v1+json || application/json]}" onto public java.lang.Object org.springframework.boot.actuate.endpoint.mvc.HealthMvcEndpoint.invoke(javax.servlet.http.HttpServletRequest,java.security.Principal)
2019-1-8 15:09:58 restartedMain INFO Mapped "{[/bus/refresh],methods=[POST]}" onto public void org.springframework.cloud.bus.endpoint.RefreshBusEndpoint.refresh(java.lang.String)
2019-1-8 15:09:59 restartedMain INFO LiveReload server is running on port 35729
2019-1-8 15:10:00 restartedMain INFO Registering beans for JMX exposure on startup
2019-1-8 15:10:03 restartedMain INFO Located managed bean 'auditEventsEndpoint': registering with JMX server as MBean [org.springframework.boot:type=Endpoint,name=auditEventsEndpoint]
2019-1-8 15:10:03 restartedMain INFO Located managed bean 'archaiusEndpoint': registering with JMX server as MBean [org.springframework.boot:type=Endpoint,name=archaiusEndpoint]
2019-1-8 15:10:03 restartedMain INFO Located managed bean 'featuresEndpoint': registering with JMX server as MBean [org.springframework.boot:type=Endpoint,name=featuresEndpoint]
2019-1-8 15:10:03 restartedMain INFO Located managed bean 'requestMappingEndpoint': registering with JMX server as MBean [org.springframework.boot:type=Endpoint,name=requestMappingEndpoint]
2019-1-8 15:10:03 restartedMain INFO Located managed bean 'environmentEndpoint': registering with JMX server as MBean [org.springframework.boot:type=Endpoint,name=environmentEndpoint]
2019-1-8 15:10:03 restartedMain INFO Located managed bean 'healthEndpoint': registering with JMX server as MBean [org.springframework.boot:type=Endpoint,name=healthEndpoint]
2019-1-8 15:10:03 restartedMain INFO Located managed bean 'beansEndpoint': registering with JMX server as MBean [org.springframework.boot:type=Endpoint,name=beansEndpoint]
2019-1-8 15:10:03 restartedMain INFO Located managed bean 'infoEndpoint': registering with JMX server as MBean [org.springframework.boot:type=Endpoint,name=infoEndpoint]
2019-1-8 15:10:03 restartedMain INFO Located managed bean 'loggersEndpoint': registering with JMX server as MBean [org.springframework.boot:type=Endpoint,name=loggersEndpoint]
2019-1-8 15:10:03 restartedMain INFO Located managed bean 'metricsEndpoint': registering with JMX server as MBean [org.springframework.boot:type=Endpoint,name=metricsEndpoint]
2019-1-8 15:10:03 restartedMain INFO Located managed bean 'traceEndpoint': registering with JMX server as MBean [org.springframework.boot:type=Endpoint,name=traceEndpoint]
2019-1-8 15:10:03 restartedMain INFO Located managed bean 'dumpEndpoint': registering with JMX server as MBean [org.springframework.boot:type=Endpoint,name=dumpEndpoint]
2019-1-8 15:10:03 restartedMain INFO Located managed bean 'autoConfigurationReportEndpoint': registering with JMX server as MBean [org.springframework.boot:type=Endpoint,name=autoConfigurationReportEndpoint]
2019-1-8 15:10:03 restartedMain INFO Located managed bean 'configurationPropertiesReportEndpoint': registering with JMX server as MBean [org.springframework.boot:type=Endpoint,name=configurationPropertiesReportEndpoint]
2019-1-8 15:10:03 restartedMain INFO Located managed bean 'busEndpoint': registering with JMX server as MBean [org.springframework.boot:type=Endpoint,name=busEndpoint]
2019-1-8 15:10:03 restartedMain INFO Located managed bean 'channelsEndpoint': registering with JMX server as MBean [org.springframework.boot:type=Endpoint,name=channelsEndpoint]
2019-1-8 15:10:03 restartedMain INFO Tomcat started on port(s): 80 (http)
2019-1-8 15:17:56 Thread-24 INFO Closing org.springframework.boot.context.embedded.AnnotationConfigEmbeddedWebApplicationContext@5608ca92: startup date [Tue Jan 08 15:09:44 CST 2019]; parent: org.springframework.context.annotation.AnnotationConfigApplicationContext@2e641635
2019-1-8 15:17:58 Thread-24 INFO Unregistering JMX-exposed beans on shutdown
2019-1-8 15:17:58 Thread-24 INFO Unregistering JMX-exposed beans
2019-1-8 15:18:02 restartedMain INFO Refreshing org.springframework.boot.context.embedded.AnnotationConfigEmbeddedWebApplicationContext@5c01556c: startup date [Tue Jan 08 15:18:02 CST 2019]; parent: org.springframework.context.annotation.AnnotationConfigApplicationContext@35da4c5d
2019-1-8 15:18:06 restartedMain INFO Tomcat initialized with port(s): 80 (http)
2019-1-8 15:18:07 localhost-startStop-1 INFO Mapping filter: 'metricsFilter' to: [/*]
2019-1-8 15:18:07 localhost-startStop-1 INFO Mapping filter: 'characterEncodingFilter' to: [/*]
2019-1-8 15:18:07 localhost-startStop-1 INFO Mapping filter: 'traceFilter' to: [/*]
2019-1-8 15:18:07 localhost-startStop-1 INFO Mapping filter: 'hiddenHttpMethodFilter' to: [/*]
2019-1-8 15:18:07 localhost-startStop-1 INFO Mapping filter: 'httpPutFormContentFilter' to: [/*]
2019-1-8 15:18:07 localhost-startStop-1 INFO Mapping filter: 'requestContextFilter' to: [/*]
2019-1-8 15:18:07 localhost-startStop-1 INFO Mapping filter: 'webRequestLoggingFilter' to: [/*]
2019-1-8 15:18:07 localhost-startStop-1 INFO Mapping filter: 'applicationContextIdFilter' to: [/*]
2019-1-8 15:18:07 localhost-startStop-1 INFO Mapping servlet: 'dispatcherServlet' to [/]
2019-1-8 15:18:17 restartedMain INFO Mapped "{[/info || /info.json],methods=[GET],produces=[application/vnd.spring-boot.actuator.v1+json || application/json]}" onto public java.lang.Object org.springframework.boot.actuate.endpoint.mvc.EndpointMvcAdapter.invoke()
2019-1-8 15:18:17 restartedMain INFO Mapped "{[/dump || /dump.json],methods=[GET],produces=[application/vnd.spring-boot.actuator.v1+json || application/json]}" onto public java.lang.Object org.springframework.boot.actuate.endpoint.mvc.EndpointMvcAdapter.invoke()
2019-1-8 15:18:17 restartedMain INFO Mapped "{[/mappings || /mappings.json],methods=[GET],produces=[application/vnd.spring-boot.actuator.v1+json || application/json]}" onto public java.lang.Object org.springframework.boot.actuate.endpoint.mvc.EndpointMvcAdapter.invoke()
2019-1-8 15:18:17 restartedMain INFO Mapped "{[/metrics/{name:.*}],methods=[GET],produces=[application/vnd.spring-boot.actuator.v1+json || application/json]}" onto public java.lang.Object org.springframework.boot.actuate.endpoint.mvc.MetricsMvcEndpoint.value(java.lang.String)
2019-1-8 15:18:17 restartedMain INFO Mapped "{[/metrics || /metrics.json],methods=[GET],produces=[application/vnd.spring-boot.actuator.v1+json || application/json]}" onto public java.lang.Object org.springframework.boot.actuate.endpoint.mvc.EndpointMvcAdapter.invoke()
2019-1-8 15:18:17 restartedMain INFO Mapped "{[/bus/refresh],methods=[POST]}" onto public void org.springframework.cloud.bus.endpoint.RefreshBusEndpoint.refresh(java.lang.String)
2019-1-8 15:18:17 restartedMain INFO Mapped "{[/autoconfig || /autoconfig.json],methods=[GET],produces=[application/vnd.spring-boot.actuator.v1+json || application/json]}" onto public java.lang.Object org.springframework.boot.actuate.endpoint.mvc.EndpointMvcAdapter.invoke()
2019-1-8 15:18:17 restartedMain INFO Mapped "{[/auditevents || /auditevents.json],methods=[GET],produces=[application/vnd.spring-boot.actuator.v1+json || application/json]}" onto public org.springframework.http.ResponseEntity<?> org.springframework.boot.actuate.endpoint.mvc.AuditEventsMvcEndpoint.findByPrincipalAndAfterAndType(java.lang.String,java.util.Date,java.lang.String)
2019-1-8 15:18:17 restartedMain INFO Mapped "{[/beans || /beans.json],methods=[GET],produces=[application/vnd.spring-boot.actuator.v1+json || application/json]}" onto public java.lang.Object org.springframework.boot.actuate.endpoint.mvc.EndpointMvcAdapter.invoke()
2019-1-8 15:18:17 restartedMain INFO Mapped "{[/trace || /trace.json],methods=[GET],produces=[application/vnd.spring-boot.actuator.v1+json || application/json]}" onto public java.lang.Object org.springframework.boot.actuate.endpoint.mvc.EndpointMvcAdapter.invoke()
2019-1-8 15:18:17 restartedMain INFO Mapped "{[/bus/env],methods=[POST]}" onto public void org.springframework.cloud.bus.endpoint.EnvironmentBusEndpoint.env(java.util.Map<java.lang.String, java.lang.String>,java.lang.String)
2019-1-8 15:18:17 restartedMain INFO Mapped "{[/configprops || /configprops.json],methods=[GET],produces=[application/vnd.spring-boot.actuator.v1+json || application/json]}" onto public java.lang.Object org.springframework.boot.actuate.endpoint.mvc.EndpointMvcAdapter.invoke()
2019-1-8 15:18:17 restartedMain INFO Mapped "{[/heapdump || /heapdump.json],methods=[GET],produces=[application/octet-stream]}" onto public void org.springframework.boot.actuate.endpoint.mvc.HeapdumpMvcEndpoint.invoke(boolean,javax.servlet.http.HttpServletRequest,javax.servlet.http.HttpServletResponse) throws java.io.IOException,javax.servlet.ServletException
2019-1-8 15:18:17 restartedMain INFO Mapped "{[/env],methods=[POST]}" onto public java.lang.Object org.springframework.cloud.context.environment.EnvironmentManagerMvcEndpoint.value(java.util.Map<java.lang.String, java.lang.String>)
2019-1-8 15:18:17 restartedMain INFO Mapped "{[/env/reset],methods=[POST]}" onto public java.util.Map<java.lang.String, java.lang.Object> org.springframework.cloud.context.environment.EnvironmentManagerMvcEndpoint.reset()
2019-1-8 15:18:17 restartedMain INFO Mapped "{[/refresh || /refresh.json],methods=[POST]}" onto public java.lang.Object org.springframework.cloud.endpoint.GenericPostableMvcEndpoint.invoke()
2019-1-8 15:18:17 restartedMain INFO Mapped "{[/features || /features.json],methods=[GET],produces=[application/vnd.spring-boot.actuator.v1+json || application/json]}" onto public java.lang.Object org.springframework.boot.actuate.endpoint.mvc.EndpointMvcAdapter.invoke()
2019-1-8 15:18:17 restartedMain INFO Mapped "{[/channels || /channels.json],methods=[GET],produces=[application/vnd.spring-boot.actuator.v1+json || application/json]}" onto public java.lang.Object org.springframework.boot.actuate.endpoint.mvc.EndpointMvcAdapter.invoke()
2019-1-8 15:18:17 restartedMain INFO Mapped "{[/loggers/{name:.*}],methods=[GET],produces=[application/vnd.spring-boot.actuator.v1+json || application/json]}" onto public java.lang.Object org.springframework.boot.actuate.endpoint.mvc.LoggersMvcEndpoint.get(java.lang.String)
2019-1-8 15:18:17 restartedMain INFO Mapped "{[/loggers/{name:.*}],methods=[POST],consumes=[application/vnd.spring-boot.actuator.v1+json || application/json],produces=[application/vnd.spring-boot.actuator.v1+json || application/json]}" onto public java.lang.Object org.springframework.boot.actuate.endpoint.mvc.LoggersMvcEndpoint.set(java.lang.String,java.util.Map<java.lang.String, java.lang.String>)
2019-1-8 15:18:17 restartedMain INFO Mapped "{[/loggers || /loggers.json],methods=[GET],produces=[application/vnd.spring-boot.actuator.v1+json || application/json]}" onto public java.lang.Object org.springframework.boot.actuate.endpoint.mvc.EndpointMvcAdapter.invoke()
2019-1-8 15:18:17 restartedMain INFO Mapped "{[/archaius || /archaius.json],methods=[GET],produces=[application/vnd.spring-boot.actuator.v1+json || application/json]}" onto public java.lang.Object org.springframework.boot.actuate.endpoint.mvc.EndpointMvcAdapter.invoke()
2019-1-8 15:18:17 restartedMain INFO Mapped "{[/env/{name:.*}],methods=[GET],produces=[application/vnd.spring-boot.actuator.v1+json || application/json]}" onto public java.lang.Object org.springframework.boot.actuate.endpoint.mvc.EnvironmentMvcEndpoint.value(java.lang.String)
2019-1-8 15:18:17 restartedMain INFO Mapped "{[/env || /env.json],methods=[GET],produces=[application/vnd.spring-boot.actuator.v1+json || application/json]}" onto public java.lang.Object org.springframework.boot.actuate.endpoint.mvc.EndpointMvcAdapter.invoke()
2019-1-8 15:18:17 restartedMain INFO Mapped "{[/health || /health.json],methods=[GET],produces=[application/vnd.spring-boot.actuator.v1+json || application/json]}" onto public java.lang.Object org.springframework.boot.actuate.endpoint.mvc.HealthMvcEndpoint.invoke(javax.servlet.http.HttpServletRequest,java.security.Principal)
2019-1-8 15:18:17 restartedMain INFO Mapped "{[/service-registry/instance-status],methods=[GET]}" onto public org.springframework.http.ResponseEntity org.springframework.cloud.client.serviceregistry.endpoint.ServiceRegistryEndpoint.getStatus()
2019-1-8 15:18:17 restartedMain INFO Mapped "{[/service-registry/instance-status],methods=[POST]}" onto public org.springframework.http.ResponseEntity<?> org.springframework.cloud.client.serviceregistry.endpoint.ServiceRegistryEndpoint.setStatus(java.lang.String)
2019-1-8 15:18:18 restartedMain INFO LiveReload server is running on port 35729
2019-1-8 15:18:21 restartedMain INFO Registering beans for JMX exposure on startup
2019-1-8 15:18:24 restartedMain INFO Located managed bean 'auditEventsEndpoint': registering with JMX server as MBean [org.springframework.boot:type=Endpoint,name=auditEventsEndpoint]
2019-1-8 15:18:24 restartedMain INFO Located managed bean 'archaiusEndpoint': registering with JMX server as MBean [org.springframework.boot:type=Endpoint,name=archaiusEndpoint]
2019-1-8 15:18:24 restartedMain INFO Located managed bean 'featuresEndpoint': registering with JMX server as MBean [org.springframework.boot:type=Endpoint,name=featuresEndpoint]
2019-1-8 15:18:24 restartedMain INFO Located managed bean 'requestMappingEndpoint': registering with JMX server as MBean [org.springframework.boot:type=Endpoint,name=requestMappingEndpoint]
2019-1-8 15:18:24 restartedMain INFO Located managed bean 'environmentEndpoint': registering with JMX server as MBean [org.springframework.boot:type=Endpoint,name=environmentEndpoint]
2019-1-8 15:18:24 restartedMain INFO Located managed bean 'healthEndpoint': registering with JMX server as MBean [org.springframework.boot:type=Endpoint,name=healthEndpoint]
2019-1-8 15:18:24 restartedMain INFO Located managed bean 'beansEndpoint': registering with JMX server as MBean [org.springframework.boot:type=Endpoint,name=beansEndpoint]
2019-1-8 15:18:24 restartedMain INFO Located managed bean 'infoEndpoint': registering with JMX server as MBean [org.springframework.boot:type=Endpoint,name=infoEndpoint]
2019-1-8 15:18:24 restartedMain INFO Located managed bean 'loggersEndpoint': registering with JMX server as MBean [org.springframework.boot:type=Endpoint,name=loggersEndpoint]
2019-1-8 15:18:24 restartedMain INFO Located managed bean 'metricsEndpoint': registering with JMX server as MBean [org.springframework.boot:type=Endpoint,name=metricsEndpoint]
2019-1-8 15:18:24 restartedMain INFO Located managed bean 'traceEndpoint': registering with JMX server as MBean [org.springframework.boot:type=Endpoint,name=traceEndpoint]
2019-1-8 15:18:24 restartedMain INFO Located managed bean 'dumpEndpoint': registering with JMX server as MBean [org.springframework.boot:type=Endpoint,name=dumpEndpoint]
2019-1-8 15:18:24 restartedMain INFO Located managed bean 'autoConfigurationReportEndpoint': registering with JMX server as MBean [org.springframework.boot:type=Endpoint,name=autoConfigurationReportEndpoint]
2019-1-8 15:18:24 restartedMain INFO Located managed bean 'configurationPropertiesReportEndpoint': registering with JMX server as MBean [org.springframework.boot:type=Endpoint,name=configurationPropertiesReportEndpoint]
2019-1-8 15:18:24 restartedMain INFO Located managed bean 'busEndpoint': registering with JMX server as MBean [org.springframework.boot:type=Endpoint,name=busEndpoint]
2019-1-8 15:18:24 restartedMain INFO Located managed bean 'channelsEndpoint': registering with JMX server as MBean [org.springframework.boot:type=Endpoint,name=channelsEndpoint]
2019-1-8 15:18:24 restartedMain INFO Tomcat started on port(s): 80 (http)
2019-1-8 19:30:00 restartedMain INFO Refreshing org.springframework.boot.context.embedded.AnnotationConfigEmbeddedWebApplicationContext@40c2d301: startup date [Tue Jan 08 19:30:00 CST 2019]; parent: org.springframework.context.annotation.AnnotationConfigApplicationContext@2483fcb9
2019-1-8 19:30:19 restartedMain INFO Tomcat initialized with port(s): 80 (http)
2019-1-8 19:30:24 localhost-startStop-1 INFO Mapping filter: 'metricsFilter' to: [/*]
2019-1-8 19:30:24 localhost-startStop-1 INFO Mapping filter: 'characterEncodingFilter' to: [/*]
2019-1-8 19:30:24 localhost-startStop-1 INFO Mapping filter: 'traceFilter' to: [/*]
2019-1-8 19:30:24 localhost-startStop-1 INFO Mapping filter: 'hiddenHttpMethodFilter' to: [/*]
2019-1-8 19:30:24 localhost-startStop-1 INFO Mapping filter: 'httpPutFormContentFilter' to: [/*]
2019-1-8 19:30:24 localhost-startStop-1 INFO Mapping filter: 'requestContextFilter' to: [/*]
2019-1-8 19:30:24 localhost-startStop-1 INFO Mapping filter: 'webRequestLoggingFilter' to: [/*]
2019-1-8 19:30:24 localhost-startStop-1 INFO Mapping filter: 'applicationContextIdFilter' to: [/*]
2019-1-8 19:30:24 localhost-startStop-1 INFO Mapping servlet: 'dispatcherServlet' to [/]
2019-1-8 19:30:45 restartedMain INFO Mapped "{[/bus/env],methods=[POST]}" onto public void org.springframework.cloud.bus.endpoint.EnvironmentBusEndpoint.env(java.util.Map<java.lang.String, java.lang.String>,java.lang.String)
2019-1-8 19:30:45 restartedMain INFO Mapped "{[/metrics/{name:.*}],methods=[GET],produces=[application/vnd.spring-boot.actuator.v1+json || application/json]}" onto public java.lang.Object org.springframework.boot.actuate.endpoint.mvc.MetricsMvcEndpoint.value(java.lang.String)
2019-1-8 19:30:45 restartedMain INFO Mapped "{[/metrics || /metrics.json],methods=[GET],produces=[application/vnd.spring-boot.actuator.v1+json || application/json]}" onto public java.lang.Object org.springframework.boot.actuate.endpoint.mvc.EndpointMvcAdapter.invoke()
2019-1-8 19:30:45 restartedMain INFO Mapped "{[/env/{name:.*}],methods=[GET],produces=[application/vnd.spring-boot.actuator.v1+json || application/json]}" onto public java.lang.Object org.springframework.boot.actuate.endpoint.mvc.EnvironmentMvcEndpoint.value(java.lang.String)
2019-1-8 19:30:45 restartedMain INFO Mapped "{[/env || /env.json],methods=[GET],produces=[application/vnd.spring-boot.actuator.v1+json || application/json]}" onto public java.lang.Object org.springframework.boot.actuate.endpoint.mvc.EndpointMvcAdapter.invoke()
2019-1-8 19:30:45 restartedMain INFO Mapped "{[/dump || /dump.json],methods=[GET],produces=[application/vnd.spring-boot.actuator.v1+json || application/json]}" onto public java.lang.Object org.springframework.boot.actuate.endpoint.mvc.EndpointMvcAdapter.invoke()
2019-1-8 19:30:45 restartedMain INFO Mapped "{[/archaius || /archaius.json],methods=[GET],produces=[application/vnd.spring-boot.actuator.v1+json || application/json]}" onto public java.lang.Object org.springframework.boot.actuate.endpoint.mvc.EndpointMvcAdapter.invoke()
2019-1-8 19:30:45 restartedMain INFO Mapped "{[/configprops || /configprops.json],methods=[GET],produces=[application/vnd.spring-boot.actuator.v1+json || application/json]}" onto public java.lang.Object org.springframework.boot.actuate.endpoint.mvc.EndpointMvcAdapter.invoke()
2019-1-8 19:30:45 restartedMain INFO Mapped "{[/health || /health.json],methods=[GET],produces=[application/vnd.spring-boot.actuator.v1+json || application/json]}" onto public java.lang.Object org.springframework.boot.actuate.endpoint.mvc.HealthMvcEndpoint.invoke(javax.servlet.http.HttpServletRequest,java.security.Principal)
2019-1-8 19:30:45 restartedMain INFO Mapped "{[/trace || /trace.json],methods=[GET],produces=[application/vnd.spring-boot.actuator.v1+json || application/json]}" onto public java.lang.Object org.springframework.boot.actuate.endpoint.mvc.EndpointMvcAdapter.invoke()
2019-1-8 19:30:45 restartedMain INFO Mapped "{[/beans || /beans.json],methods=[GET],produces=[application/vnd.spring-boot.actuator.v1+json || application/json]}" onto public java.lang.Object org.springframework.boot.actuate.endpoint.mvc.EndpointMvcAdapter.invoke()
2019-1-8 19:30:45 restartedMain INFO Mapped "{[/refresh || /refresh.json],methods=[POST]}" onto public java.lang.Object org.springframework.cloud.endpoint.GenericPostableMvcEndpoint.invoke()
2019-1-8 19:30:45 restartedMain INFO Mapped "{[/info || /info.json],methods=[GET],produces=[application/vnd.spring-boot.actuator.v1+json || application/json]}" onto public java.lang.Object org.springframework.boot.actuate.endpoint.mvc.EndpointMvcAdapter.invoke()
2019-1-8 19:30:45 restartedMain INFO Mapped "{[/loggers/{name:.*}],methods=[GET],produces=[application/vnd.spring-boot.actuator.v1+json || application/json]}" onto public java.lang.Object org.springframework.boot.actuate.endpoint.mvc.LoggersMvcEndpoint.get(java.lang.String)
2019-1-8 19:30:45 restartedMain INFO Mapped "{[/loggers/{name:.*}],methods=[POST],consumes=[application/vnd.spring-boot.actuator.v1+json || application/json],produces=[application/vnd.spring-boot.actuator.v1+json || application/json]}" onto public java.lang.Object org.springframework.boot.actuate.endpoint.mvc.LoggersMvcEndpoint.set(java.lang.String,java.util.Map<java.lang.String, java.lang.String>)
2019-1-8 19:30:45 restartedMain INFO Mapped "{[/loggers || /loggers.json],methods=[GET],produces=[application/vnd.spring-boot.actuator.v1+json || application/json]}" onto public java.lang.Object org.springframework.boot.actuate.endpoint.mvc.EndpointMvcAdapter.invoke()
2019-1-8 19:30:45 restartedMain INFO Mapped "{[/features || /features.json],methods=[GET],produces=[application/vnd.spring-boot.actuator.v1+json || application/json]}" onto public java.lang.Object org.springframework.boot.actuate.endpoint.mvc.EndpointMvcAdapter.invoke()
2019-1-8 19:30:45 restartedMain INFO Mapped "{[/mappings || /mappings.json],methods=[GET],produces=[application/vnd.spring-boot.actuator.v1+json || application/json]}" onto public java.lang.Object org.springframework.boot.actuate.endpoint.mvc.EndpointMvcAdapter.invoke()
2019-1-8 19:30:45 restartedMain INFO Mapped "{[/channels || /channels.json],methods=[GET],produces=[application/vnd.spring-boot.actuator.v1+json || application/json]}" onto public java.lang.Object org.springframework.boot.actuate.endpoint.mvc.EndpointMvcAdapter.invoke()
2019-1-8 19:30:45 restartedMain INFO Mapped "{[/heapdump || /heapdump.json],methods=[GET],produces=[application/octet-stream]}" onto public void org.springframework.boot.actuate.endpoint.mvc.HeapdumpMvcEndpoint.invoke(boolean,javax.servlet.http.HttpServletRequest,javax.servlet.http.HttpServletResponse) throws java.io.IOException,javax.servlet.ServletException
2019-1-8 19:30:45 restartedMain INFO Mapped "{[/env],methods=[POST]}" onto public java.lang.Object org.springframework.cloud.context.environment.EnvironmentManagerMvcEndpoint.value(java.util.Map<java.lang.String, java.lang.String>)
2019-1-8 19:30:45 restartedMain INFO Mapped "{[/env/reset],methods=[POST]}" onto public java.util.Map<java.lang.String, java.lang.Object> org.springframework.cloud.context.environment.EnvironmentManagerMvcEndpoint.reset()
2019-1-8 19:30:45 restartedMain INFO Mapped "{[/auditevents || /auditevents.json],methods=[GET],produces=[application/vnd.spring-boot.actuator.v1+json || application/json]}" onto public org.springframework.http.ResponseEntity<?> org.springframework.boot.actuate.endpoint.mvc.AuditEventsMvcEndpoint.findByPrincipalAndAfterAndType(java.lang.String,java.util.Date,java.lang.String)
2019-1-8 19:30:45 restartedMain INFO Mapped "{[/bus/refresh],methods=[POST]}" onto public void org.springframework.cloud.bus.endpoint.RefreshBusEndpoint.refresh(java.lang.String)
2019-1-8 19:30:45 restartedMain INFO Mapped "{[/service-registry/instance-status],methods=[POST]}" onto public org.springframework.http.ResponseEntity<?> org.springframework.cloud.client.serviceregistry.endpoint.ServiceRegistryEndpoint.setStatus(java.lang.String)
2019-1-8 19:30:45 restartedMain INFO Mapped "{[/service-registry/instance-status],methods=[GET]}" onto public org.springframework.http.ResponseEntity org.springframework.cloud.client.serviceregistry.endpoint.ServiceRegistryEndpoint.getStatus()
2019-1-8 19:30:45 restartedMain INFO Mapped "{[/autoconfig || /autoconfig.json],methods=[GET],produces=[application/vnd.spring-boot.actuator.v1+json || application/json]}" onto public java.lang.Object org.springframework.boot.actuate.endpoint.mvc.EndpointMvcAdapter.invoke()
2019-1-8 19:30:47 restartedMain INFO LiveReload server is running on port 35729
2019-1-8 19:30:54 restartedMain INFO Registering beans for JMX exposure on startup
2019-1-8 19:31:04 restartedMain INFO Located managed bean 'auditEventsEndpoint': registering with JMX server as MBean [org.springframework.boot:type=Endpoint,name=auditEventsEndpoint]
2019-1-8 19:31:04 restartedMain INFO Located managed bean 'archaiusEndpoint': registering with JMX server as MBean [org.springframework.boot:type=Endpoint,name=archaiusEndpoint]
2019-1-8 19:31:04 restartedMain INFO Located managed bean 'featuresEndpoint': registering with JMX server as MBean [org.springframework.boot:type=Endpoint,name=featuresEndpoint]
2019-1-8 19:31:04 restartedMain INFO Located managed bean 'requestMappingEndpoint': registering with JMX server as MBean [org.springframework.boot:type=Endpoint,name=requestMappingEndpoint]
2019-1-8 19:31:04 restartedMain INFO Located managed bean 'environmentEndpoint': registering with JMX server as MBean [org.springframework.boot:type=Endpoint,name=environmentEndpoint]
2019-1-8 19:31:04 restartedMain INFO Located managed bean 'healthEndpoint': registering with JMX server as MBean [org.springframework.boot:type=Endpoint,name=healthEndpoint]
2019-1-8 19:31:04 restartedMain INFO Located managed bean 'beansEndpoint': registering with JMX server as MBean [org.springframework.boot:type=Endpoint,name=beansEndpoint]
2019-1-8 19:31:04 restartedMain INFO Located managed bean 'infoEndpoint': registering with JMX server as MBean [org.springframework.boot:type=Endpoint,name=infoEndpoint]
2019-1-8 19:31:04 restartedMain INFO Located managed bean 'loggersEndpoint': registering with JMX server as MBean [org.springframework.boot:type=Endpoint,name=loggersEndpoint]
2019-1-8 19:31:04 restartedMain INFO Located managed bean 'metricsEndpoint': registering with JMX server as MBean [org.springframework.boot:type=Endpoint,name=metricsEndpoint]
2019-1-8 19:31:04 restartedMain INFO Located managed bean 'traceEndpoint': registering with JMX server as MBean [org.springframework.boot:type=Endpoint,name=traceEndpoint]
2019-1-8 19:31:04 restartedMain INFO Located managed bean 'dumpEndpoint': registering with JMX server as MBean [org.springframework.boot:type=Endpoint,name=dumpEndpoint]
2019-1-8 19:31:04 restartedMain INFO Located managed bean 'autoConfigurationReportEndpoint': registering with JMX server as MBean [org.springframework.boot:type=Endpoint,name=autoConfigurationReportEndpoint]
2019-1-8 19:31:04 restartedMain INFO Located managed bean 'configurationPropertiesReportEndpoint': registering with JMX server as MBean [org.springframework.boot:type=Endpoint,name=configurationPropertiesReportEndpoint]
2019-1-8 19:31:04 restartedMain INFO Located managed bean 'busEndpoint': registering with JMX server as MBean [org.springframework.boot:type=Endpoint,name=busEndpoint]
2019-1-8 19:31:04 restartedMain INFO Located managed bean 'channelsEndpoint': registering with JMX server as MBean [org.springframework.boot:type=Endpoint,name=channelsEndpoint]
2019-1-8 19:31:05 restartedMain INFO Tomcat started on port(s): 80 (http)
2019-1-8 19:32:07 Thread-9 INFO Closing org.springframework.boot.context.embedded.AnnotationConfigEmbeddedWebApplicationContext@40c2d301: startup date [Tue Jan 08 19:30:00 CST 2019]; parent: org.springframework.context.annotation.AnnotationConfigApplicationContext@2483fcb9
2019-1-8 19:32:08 Thread-9 INFO Unregistering JMX-exposed beans on shutdown
2019-1-8 19:32:08 Thread-9 INFO Unregistering JMX-exposed beans
2019-1-8 19:32:11 restartedMain INFO Refreshing org.springframework.boot.context.embedded.AnnotationConfigEmbeddedWebApplicationContext@e1f9014: startup date [Tue Jan 08 19:32:11 CST 2019]; parent: org.springframework.context.annotation.AnnotationConfigApplicationContext@24d4d331
2019-1-8 19:32:16 restartedMain INFO Tomcat initialized with port(s): 80 (http)
2019-1-8 19:32:17 localhost-startStop-1 INFO Mapping filter: 'metricsFilter' to: [/*]
2019-1-8 19:32:17 localhost-startStop-1 INFO Mapping filter: 'characterEncodingFilter' to: [/*]
2019-1-8 19:32:17 localhost-startStop-1 INFO Mapping filter: 'traceFilter' to: [/*]
2019-1-8 19:32:17 localhost-startStop-1 INFO Mapping filter: 'hiddenHttpMethodFilter' to: [/*]
2019-1-8 19:32:17 localhost-startStop-1 INFO Mapping filter: 'httpPutFormContentFilter' to: [/*]
2019-1-8 19:32:17 localhost-startStop-1 INFO Mapping filter: 'requestContextFilter' to: [/*]
2019-1-8 19:32:17 localhost-startStop-1 INFO Mapping filter: 'webRequestLoggingFilter' to: [/*]
2019-1-8 19:32:17 localhost-startStop-1 INFO Mapping filter: 'applicationContextIdFilter' to: [/*]
2019-1-8 19:32:17 localhost-startStop-1 INFO Mapping servlet: 'dispatcherServlet' to [/]
2019-1-8 19:32:23 restartedMain INFO Mapped "{[/loggers/{name:.*}],methods=[GET],produces=[application/vnd.spring-boot.actuator.v1+json || application/json]}" onto public java.lang.Object org.springframework.boot.actuate.endpoint.mvc.LoggersMvcEndpoint.get(java.lang.String)
2019-1-8 19:32:23 restartedMain INFO Mapped "{[/loggers/{name:.*}],methods=[POST],consumes=[application/vnd.spring-boot.actuator.v1+json || application/json],produces=[application/vnd.spring-boot.actuator.v1+json || application/json]}" onto public java.lang.Object org.springframework.boot.actuate.endpoint.mvc.LoggersMvcEndpoint.set(java.lang.String,java.util.Map<java.lang.String, java.lang.String>)
2019-1-8 19:32:23 restartedMain INFO Mapped "{[/loggers || /loggers.json],methods=[GET],produces=[application/vnd.spring-boot.actuator.v1+json || application/json]}" onto public java.lang.Object org.springframework.boot.actuate.endpoint.mvc.EndpointMvcAdapter.invoke()
2019-1-8 19:32:23 restartedMain INFO Mapped "{[/env/{name:.*}],methods=[GET],produces=[application/vnd.spring-boot.actuator.v1+json || application/json]}" onto public java.lang.Object org.springframework.boot.actuate.endpoint.mvc.EnvironmentMvcEndpoint.value(java.lang.String)
2019-1-8 19:32:23 restartedMain INFO Mapped "{[/env || /env.json],methods=[GET],produces=[application/vnd.spring-boot.actuator.v1+json || application/json]}" onto public java.lang.Object org.springframework.boot.actuate.endpoint.mvc.EndpointMvcAdapter.invoke()
2019-1-8 19:32:23 restartedMain INFO Mapped "{[/auditevents || /auditevents.json],methods=[GET],produces=[application/vnd.spring-boot.actuator.v1+json || application/json]}" onto public org.springframework.http.ResponseEntity<?> org.springframework.boot.actuate.endpoint.mvc.AuditEventsMvcEndpoint.findByPrincipalAndAfterAndType(java.lang.String,java.util.Date,java.lang.String)
2019-1-8 19:32:23 restartedMain INFO Mapped "{[/service-registry/instance-status],methods=[POST]}" onto public org.springframework.http.ResponseEntity<?> org.springframework.cloud.client.serviceregistry.endpoint.ServiceRegistryEndpoint.setStatus(java.lang.String)
2019-1-8 19:32:23 restartedMain INFO Mapped "{[/service-registry/instance-status],methods=[GET]}" onto public org.springframework.http.ResponseEntity org.springframework.cloud.client.serviceregistry.endpoint.ServiceRegistryEndpoint.getStatus()
2019-1-8 19:32:23 restartedMain INFO Mapped "{[/heapdump || /heapdump.json],methods=[GET],produces=[application/octet-stream]}" onto public void org.springframework.boot.actuate.endpoint.mvc.HeapdumpMvcEndpoint.invoke(boolean,javax.servlet.http.HttpServletRequest,javax.servlet.http.HttpServletResponse) throws java.io.IOException,javax.servlet.ServletException
2019-1-8 19:32:23 restartedMain INFO Mapped "{[/features || /features.json],methods=[GET],produces=[application/vnd.spring-boot.actuator.v1+json || application/json]}" onto public java.lang.Object org.springframework.boot.actuate.endpoint.mvc.EndpointMvcAdapter.invoke()
2019-1-8 19:32:23 restartedMain INFO Mapped "{[/trace || /trace.json],methods=[GET],produces=[application/vnd.spring-boot.actuator.v1+json || application/json]}" onto public java.lang.Object org.springframework.boot.actuate.endpoint.mvc.EndpointMvcAdapter.invoke()
2019-1-8 19:32:23 restartedMain INFO Mapped "{[/refresh || /refresh.json],methods=[POST]}" onto public java.lang.Object org.springframework.cloud.endpoint.GenericPostableMvcEndpoint.invoke()
2019-1-8 19:32:23 restartedMain INFO Mapped "{[/health || /health.json],methods=[GET],produces=[application/vnd.spring-boot.actuator.v1+json || application/json]}" onto public java.lang.Object org.springframework.boot.actuate.endpoint.mvc.HealthMvcEndpoint.invoke(javax.servlet.http.HttpServletRequest,java.security.Principal)
2019-1-8 19:32:23 restartedMain INFO Mapped "{[/beans || /beans.json],methods=[GET],produces=[application/vnd.spring-boot.actuator.v1+json || application/json]}" onto public java.lang.Object org.springframework.boot.actuate.endpoint.mvc.EndpointMvcAdapter.invoke()
2019-1-8 19:32:23 restartedMain INFO Mapped "{[/dump || /dump.json],methods=[GET],produces=[application/vnd.spring-boot.actuator.v1+json || application/json]}" onto public java.lang.Object org.springframework.boot.actuate.endpoint.mvc.EndpointMvcAdapter.invoke()
2019-1-8 19:32:23 restartedMain INFO Mapped "{[/bus/refresh],methods=[POST]}" onto public void org.springframework.cloud.bus.endpoint.RefreshBusEndpoint.refresh(java.lang.String)
2019-1-8 19:32:23 restartedMain INFO Mapped "{[/info || /info.json],methods=[GET],produces=[application/vnd.spring-boot.actuator.v1+json || application/json]}" onto public java.lang.Object org.springframework.boot.actuate.endpoint.mvc.EndpointMvcAdapter.invoke()
2019-1-8 19:32:23 restartedMain INFO Mapped "{[/channels || /channels.json],methods=[GET],produces=[application/vnd.spring-boot.actuator.v1+json || application/json]}" onto public java.lang.Object org.springframework.boot.actuate.endpoint.mvc.EndpointMvcAdapter.invoke()
2019-1-8 19:32:23 restartedMain INFO Mapped "{[/archaius || /archaius.json],methods=[GET],produces=[application/vnd.spring-boot.actuator.v1+json || application/json]}" onto public java.lang.Object org.springframework.boot.actuate.endpoint.mvc.EndpointMvcAdapter.invoke()
2019-1-8 19:32:23 restartedMain INFO Mapped "{[/configprops || /configprops.json],methods=[GET],produces=[application/vnd.spring-boot.actuator.v1+json || application/json]}" onto public java.lang.Object org.springframework.boot.actuate.endpoint.mvc.EndpointMvcAdapter.invoke()
2019-1-8 19:32:23 restartedMain INFO Mapped "{[/metrics/{name:.*}],methods=[GET],produces=[application/vnd.spring-boot.actuator.v1+json || application/json]}" onto public java.lang.Object org.springframework.boot.actuate.endpoint.mvc.MetricsMvcEndpoint.value(java.lang.String)
2019-1-8 19:32:23 restartedMain INFO Mapped "{[/metrics || /metrics.json],methods=[GET],produces=[application/vnd.spring-boot.actuator.v1+json || application/json]}" onto public java.lang.Object org.springframework.boot.actuate.endpoint.mvc.EndpointMvcAdapter.invoke()
2019-1-8 19:32:23 restartedMain INFO Mapped "{[/env],methods=[POST]}" onto public java.lang.Object org.springframework.cloud.context.environment.EnvironmentManagerMvcEndpoint.value(java.util.Map<java.lang.String, java.lang.String>)
2019-1-8 19:32:23 restartedMain INFO Mapped "{[/env/reset],methods=[POST]}" onto public java.util.Map<java.lang.String, java.lang.Object> org.springframework.cloud.context.environment.EnvironmentManagerMvcEndpoint.reset()
2019-1-8 19:32:23 restartedMain INFO Mapped "{[/mappings || /mappings.json],methods=[GET],produces=[application/vnd.spring-boot.actuator.v1+json || application/json]}" onto public java.lang.Object org.springframework.boot.actuate.endpoint.mvc.EndpointMvcAdapter.invoke()
2019-1-8 19:32:23 restartedMain INFO Mapped "{[/bus/env],methods=[POST]}" onto public void org.springframework.cloud.bus.endpoint.EnvironmentBusEndpoint.env(java.util.Map<java.lang.String, java.lang.String>,java.lang.String)
2019-1-8 19:32:23 restartedMain INFO Mapped "{[/autoconfig || /autoconfig.json],methods=[GET],produces=[application/vnd.spring-boot.actuator.v1+json || application/json]}" onto public java.lang.Object org.springframework.boot.actuate.endpoint.mvc.EndpointMvcAdapter.invoke()
2019-1-8 19:32:24 restartedMain INFO LiveReload server is running on port 35729
2019-1-8 19:32:26 restartedMain INFO Registering beans for JMX exposure on startup
2019-1-8 19:32:28 restartedMain INFO Located managed bean 'auditEventsEndpoint': registering with JMX server as MBean [org.springframework.boot:type=Endpoint,name=auditEventsEndpoint]
2019-1-8 19:32:28 restartedMain INFO Located managed bean 'archaiusEndpoint': registering with JMX server as MBean [org.springframework.boot:type=Endpoint,name=archaiusEndpoint]
2019-1-8 19:32:28 restartedMain INFO Located managed bean 'featuresEndpoint': registering with JMX server as MBean [org.springframework.boot:type=Endpoint,name=featuresEndpoint]
2019-1-8 19:32:28 restartedMain INFO Located managed bean 'requestMappingEndpoint': registering with JMX server as MBean [org.springframework.boot:type=Endpoint,name=requestMappingEndpoint]
2019-1-8 19:32:28 restartedMain INFO Located managed bean 'environmentEndpoint': registering with JMX server as MBean [org.springframework.boot:type=Endpoint,name=environmentEndpoint]
2019-1-8 19:32:28 restartedMain INFO Located managed bean 'healthEndpoint': registering with JMX server as MBean [org.springframework.boot:type=Endpoint,name=healthEndpoint]
2019-1-8 19:32:28 restartedMain INFO Located managed bean 'beansEndpoint': registering with JMX server as MBean [org.springframework.boot:type=Endpoint,name=beansEndpoint]
2019-1-8 19:32:28 restartedMain INFO Located managed bean 'infoEndpoint': registering with JMX server as MBean [org.springframework.boot:type=Endpoint,name=infoEndpoint]
2019-1-8 19:32:28 restartedMain INFO Located managed bean 'loggersEndpoint': registering with JMX server as MBean [org.springframework.boot:type=Endpoint,name=loggersEndpoint]
2019-1-8 19:32:28 restartedMain INFO Located managed bean 'metricsEndpoint': registering with JMX server as MBean [org.springframework.boot:type=Endpoint,name=metricsEndpoint]
2019-1-8 19:32:28 restartedMain INFO Located managed bean 'traceEndpoint': registering with JMX server as MBean [org.springframework.boot:type=Endpoint,name=traceEndpoint]
2019-1-8 19:32:28 restartedMain INFO Located managed bean 'dumpEndpoint': registering with JMX server as MBean [org.springframework.boot:type=Endpoint,name=dumpEndpoint]
2019-1-8 19:32:28 restartedMain INFO Located managed bean 'autoConfigurationReportEndpoint': registering with JMX server as MBean [org.springframework.boot:type=Endpoint,name=autoConfigurationReportEndpoint]
2019-1-8 19:32:28 restartedMain INFO Located managed bean 'configurationPropertiesReportEndpoint': registering with JMX server as MBean [org.springframework.boot:type=Endpoint,name=configurationPropertiesReportEndpoint]
2019-1-8 19:32:28 restartedMain INFO Located managed bean 'busEndpoint': registering with JMX server as MBean [org.springframework.boot:type=Endpoint,name=busEndpoint]
2019-1-8 19:32:28 restartedMain INFO Located managed bean 'channelsEndpoint': registering with JMX server as MBean [org.springframework.boot:type=Endpoint,name=channelsEndpoint]
2019-1-8 19:32:29 restartedMain INFO Tomcat started on port(s): 80 (http)
2019-1-8 19:33:30 Thread-15 INFO Closing org.springframework.boot.context.embedded.AnnotationConfigEmbeddedWebApplicationContext@e1f9014: startup date [Tue Jan 08 19:32:11 CST 2019]; parent: org.springframework.context.annotation.AnnotationConfigApplicationContext@24d4d331
2019-1-8 19:33:31 Thread-15 INFO Unregistering JMX-exposed beans on shutdown
2019-1-8 19:33:31 Thread-15 INFO Unregistering JMX-exposed beans
2019-1-8 19:33:36 restartedMain INFO Refreshing org.springframework.boot.context.embedded.AnnotationConfigEmbeddedWebApplicationContext@256509f1: startup date [Tue Jan 08 19:33:36 CST 2019]; parent: org.springframework.context.annotation.AnnotationConfigApplicationContext@7f0b94cc
2019-1-8 19:33:42 restartedMain INFO Tomcat initialized with port(s): 80 (http)
2019-1-8 19:33:43 localhost-startStop-1 INFO Mapping filter: 'metricsFilter' to: [/*]
2019-1-8 19:33:43 localhost-startStop-1 INFO Mapping filter: 'characterEncodingFilter' to: [/*]
2019-1-8 19:33:43 localhost-startStop-1 INFO Mapping filter: 'traceFilter' to: [/*]
2019-1-8 19:33:43 localhost-startStop-1 INFO Mapping filter: 'hiddenHttpMethodFilter' to: [/*]
2019-1-8 19:33:43 localhost-startStop-1 INFO Mapping filter: 'httpPutFormContentFilter' to: [/*]
2019-1-8 19:33:43 localhost-startStop-1 INFO Mapping filter: 'requestContextFilter' to: [/*]
2019-1-8 19:33:43 localhost-startStop-1 INFO Mapping filter: 'webRequestLoggingFilter' to: [/*]
2019-1-8 19:33:43 localhost-startStop-1 INFO Mapping filter: 'applicationContextIdFilter' to: [/*]
2019-1-8 19:33:43 localhost-startStop-1 INFO Mapping servlet: 'dispatcherServlet' to [/]
2019-1-8 19:33:49 restartedMain INFO Mapped "{[/autoconfig || /autoconfig.json],methods=[GET],produces=[application/vnd.spring-boot.actuator.v1+json || application/json]}" onto public java.lang.Object org.springframework.boot.actuate.endpoint.mvc.EndpointMvcAdapter.invoke()
2019-1-8 19:33:49 restartedMain INFO Mapped "{[/mappings || /mappings.json],methods=[GET],produces=[application/vnd.spring-boot.actuator.v1+json || application/json]}" onto public java.lang.Object org.springframework.boot.actuate.endpoint.mvc.EndpointMvcAdapter.invoke()
2019-1-8 19:33:49 restartedMain INFO Mapped "{[/loggers/{name:.*}],methods=[GET],produces=[application/vnd.spring-boot.actuator.v1+json || application/json]}" onto public java.lang.Object org.springframework.boot.actuate.endpoint.mvc.LoggersMvcEndpoint.get(java.lang.String)
2019-1-8 19:33:49 restartedMain INFO Mapped "{[/loggers/{name:.*}],methods=[POST],consumes=[application/vnd.spring-boot.actuator.v1+json || application/json],produces=[application/vnd.spring-boot.actuator.v1+json || application/json]}" onto public java.lang.Object org.springframework.boot.actuate.endpoint.mvc.LoggersMvcEndpoint.set(java.lang.String,java.util.Map<java.lang.String, java.lang.String>)
2019-1-8 19:33:49 restartedMain INFO Mapped "{[/loggers || /loggers.json],methods=[GET],produces=[application/vnd.spring-boot.actuator.v1+json || application/json]}" onto public java.lang.Object org.springframework.boot.actuate.endpoint.mvc.EndpointMvcAdapter.invoke()
2019-1-8 19:33:49 restartedMain INFO Mapped "{[/heapdump || /heapdump.json],methods=[GET],produces=[application/octet-stream]}" onto public void org.springframework.boot.actuate.endpoint.mvc.HeapdumpMvcEndpoint.invoke(boolean,javax.servlet.http.HttpServletRequest,javax.servlet.http.HttpServletResponse) throws java.io.IOException,javax.servlet.ServletException
2019-1-8 19:33:49 restartedMain INFO Mapped "{[/env],methods=[POST]}" onto public java.lang.Object org.springframework.cloud.context.environment.EnvironmentManagerMvcEndpoint.value(java.util.Map<java.lang.String, java.lang.String>)
2019-1-8 19:33:49 restartedMain INFO Mapped "{[/env/reset],methods=[POST]}" onto public java.util.Map<java.lang.String, java.lang.Object> org.springframework.cloud.context.environment.EnvironmentManagerMvcEndpoint.reset()
2019-1-8 19:33:49 restartedMain INFO Mapped "{[/features || /features.json],methods=[GET],produces=[application/vnd.spring-boot.actuator.v1+json || application/json]}" onto public java.lang.Object org.springframework.boot.actuate.endpoint.mvc.EndpointMvcAdapter.invoke()
2019-1-8 19:33:49 restartedMain INFO Mapped "{[/auditevents || /auditevents.json],methods=[GET],produces=[application/vnd.spring-boot.actuator.v1+json || application/json]}" onto public org.springframework.http.ResponseEntity<?> org.springframework.boot.actuate.endpoint.mvc.AuditEventsMvcEndpoint.findByPrincipalAndAfterAndType(java.lang.String,java.util.Date,java.lang.String)
2019-1-8 19:33:49 restartedMain INFO Mapped "{[/health || /health.json],methods=[GET],produces=[application/vnd.spring-boot.actuator.v1+json || application/json]}" onto public java.lang.Object org.springframework.boot.actuate.endpoint.mvc.HealthMvcEndpoint.invoke(javax.servlet.http.HttpServletRequest,java.security.Principal)
2019-1-8 19:33:49 restartedMain INFO Mapped "{[/channels || /channels.json],methods=[GET],produces=[application/vnd.spring-boot.actuator.v1+json || application/json]}" onto public java.lang.Object org.springframework.boot.actuate.endpoint.mvc.EndpointMvcAdapter.invoke()
2019-1-8 19:33:49 restartedMain INFO Mapped "{[/trace || /trace.json],methods=[GET],produces=[application/vnd.spring-boot.actuator.v1+json || application/json]}" onto public java.lang.Object org.springframework.boot.actuate.endpoint.mvc.EndpointMvcAdapter.invoke()
2019-1-8 19:33:49 restartedMain INFO Mapped "{[/beans || /beans.json],methods=[GET],produces=[application/vnd.spring-boot.actuator.v1+json || application/json]}" onto public java.lang.Object org.springframework.boot.actuate.endpoint.mvc.EndpointMvcAdapter.invoke()
2019-1-8 19:33:49 restartedMain INFO Mapped "{[/configprops || /configprops.json],methods=[GET],produces=[application/vnd.spring-boot.actuator.v1+json || application/json]}" onto public java.lang.Object org.springframework.boot.actuate.endpoint.mvc.EndpointMvcAdapter.invoke()
2019-1-8 19:33:49 restartedMain INFO Mapped "{[/metrics/{name:.*}],methods=[GET],produces=[application/vnd.spring-boot.actuator.v1+json || application/json]}" onto public java.lang.Object org.springframework.boot.actuate.endpoint.mvc.MetricsMvcEndpoint.value(java.lang.String)
2019-1-8 19:33:49 restartedMain INFO Mapped "{[/metrics || /metrics.json],methods=[GET],produces=[application/vnd.spring-boot.actuator.v1+json || application/json]}" onto public java.lang.Object org.springframework.boot.actuate.endpoint.mvc.EndpointMvcAdapter.invoke()
2019-1-8 19:33:49 restartedMain INFO Mapped "{[/info || /info.json],methods=[GET],produces=[application/vnd.spring-boot.actuator.v1+json || application/json]}" onto public java.lang.Object org.springframework.boot.actuate.endpoint.mvc.EndpointMvcAdapter.invoke()
2019-1-8 19:33:49 restartedMain INFO Mapped "{[/archaius || /archaius.json],methods=[GET],produces=[application/vnd.spring-boot.actuator.v1+json || application/json]}" onto public java.lang.Object org.springframework.boot.actuate.endpoint.mvc.EndpointMvcAdapter.invoke()
2019-1-8 19:33:49 restartedMain INFO Mapped "{[/env/{name:.*}],methods=[GET],produces=[application/vnd.spring-boot.actuator.v1+json || application/json]}" onto public java.lang.Object org.springframework.boot.actuate.endpoint.mvc.EnvironmentMvcEndpoint.value(java.lang.String)
2019-1-8 19:33:49 restartedMain INFO Mapped "{[/env || /env.json],methods=[GET],produces=[application/vnd.spring-boot.actuator.v1+json || application/json]}" onto public java.lang.Object org.springframework.boot.actuate.endpoint.mvc.EndpointMvcAdapter.invoke()
2019-1-8 19:33:49 restartedMain INFO Mapped "{[/dump || /dump.json],methods=[GET],produces=[application/vnd.spring-boot.actuator.v1+json || application/json]}" onto public java.lang.Object org.springframework.boot.actuate.endpoint.mvc.EndpointMvcAdapter.invoke()
2019-1-8 19:33:49 restartedMain INFO Mapped "{[/bus/env],methods=[POST]}" onto public void org.springframework.cloud.bus.endpoint.EnvironmentBusEndpoint.env(java.util.Map<java.lang.String, java.lang.String>,java.lang.String)
2019-1-8 19:33:49 restartedMain INFO Mapped "{[/bus/refresh],methods=[POST]}" onto public void org.springframework.cloud.bus.endpoint.RefreshBusEndpoint.refresh(java.lang.String)
2019-1-8 19:33:49 restartedMain INFO Mapped "{[/service-registry/instance-status],methods=[POST]}" onto public org.springframework.http.ResponseEntity<?> org.springframework.cloud.client.serviceregistry.endpoint.ServiceRegistryEndpoint.setStatus(java.lang.String)
2019-1-8 19:33:49 restartedMain INFO Mapped "{[/service-registry/instance-status],methods=[GET]}" onto public org.springframework.http.ResponseEntity org.springframework.cloud.client.serviceregistry.endpoint.ServiceRegistryEndpoint.getStatus()
2019-1-8 19:33:49 restartedMain INFO Mapped "{[/refresh || /refresh.json],methods=[POST]}" onto public java.lang.Object org.springframework.cloud.endpoint.GenericPostableMvcEndpoint.invoke()
2019-1-8 19:33:49 restartedMain INFO LiveReload server is running on port 35729
2019-1-8 19:33:51 restartedMain INFO Registering beans for JMX exposure on startup
2019-1-8 19:33:54 restartedMain INFO Located managed bean 'auditEventsEndpoint': registering with JMX server as MBean [org.springframework.boot:type=Endpoint,name=auditEventsEndpoint]
2019-1-8 19:33:54 restartedMain INFO Located managed bean 'archaiusEndpoint': registering with JMX server as MBean [org.springframework.boot:type=Endpoint,name=archaiusEndpoint]
2019-1-8 19:33:54 restartedMain INFO Located managed bean 'featuresEndpoint': registering with JMX server as MBean [org.springframework.boot:type=Endpoint,name=featuresEndpoint]
2019-1-8 19:33:54 restartedMain INFO Located managed bean 'requestMappingEndpoint': registering with JMX server as MBean [org.springframework.boot:type=Endpoint,name=requestMappingEndpoint]
2019-1-8 19:33:54 restartedMain INFO Located managed bean 'environmentEndpoint': registering with JMX server as MBean [org.springframework.boot:type=Endpoint,name=environmentEndpoint]
2019-1-8 19:33:54 restartedMain INFO Located managed bean 'healthEndpoint': registering with JMX server as MBean [org.springframework.boot:type=Endpoint,name=healthEndpoint]
2019-1-8 19:33:54 restartedMain INFO Located managed bean 'beansEndpoint': registering with JMX server as MBean [org.springframework.boot:type=Endpoint,name=beansEndpoint]
2019-1-8 19:33:54 restartedMain INFO Located managed bean 'infoEndpoint': registering with JMX server as MBean [org.springframework.boot:type=Endpoint,name=infoEndpoint]
2019-1-8 19:33:54 restartedMain INFO Located managed bean 'loggersEndpoint': registering with JMX server as MBean [org.springframework.boot:type=Endpoint,name=loggersEndpoint]
2019-1-8 19:33:54 restartedMain INFO Located managed bean 'metricsEndpoint': registering with JMX server as MBean [org.springframework.boot:type=Endpoint,name=metricsEndpoint]
2019-1-8 19:33:54 restartedMain INFO Located managed bean 'traceEndpoint': registering with JMX server as MBean [org.springframework.boot:type=Endpoint,name=traceEndpoint]
2019-1-8 19:33:54 restartedMain INFO Located managed bean 'dumpEndpoint': registering with JMX server as MBean [org.springframework.boot:type=Endpoint,name=dumpEndpoint]
2019-1-8 19:33:54 restartedMain INFO Located managed bean 'autoConfigurationReportEndpoint': registering with JMX server as MBean [org.springframework.boot:type=Endpoint,name=autoConfigurationReportEndpoint]
2019-1-8 19:33:54 restartedMain INFO Located managed bean 'configurationPropertiesReportEndpoint': registering with JMX server as MBean [org.springframework.boot:type=Endpoint,name=configurationPropertiesReportEndpoint]
2019-1-8 19:33:54 restartedMain INFO Located managed bean 'busEndpoint': registering with JMX server as MBean [org.springframework.boot:type=Endpoint,name=busEndpoint]
2019-1-8 19:33:54 restartedMain INFO Located managed bean 'channelsEndpoint': registering with JMX server as MBean [org.springframework.boot:type=Endpoint,name=channelsEndpoint]
2019-1-8 19:33:54 restartedMain INFO Tomcat started on port(s): 80 (http)
2019-1-8 22:20:35 RMI TCP Connection(2)-192.168.8.132 INFO Application shutdown requested.
2019-1-8 22:20:35 RMI TCP Connection(2)-192.168.8.132 INFO Closing org.springframework.boot.context.embedded.AnnotationConfigEmbeddedWebApplicationContext@256509f1: startup date [Tue Jan 08 19:33:36 CST 2019]; parent: org.springframework.context.annotation.AnnotationConfigApplicationContext@7f0b94cc
2019-1-8 22:20:35 RMI TCP Connection(2)-192.168.8.132 INFO Unregistering JMX-exposed beans on shutdown
2019-1-8 22:20:35 RMI TCP Connection(2)-192.168.8.132 INFO Unregistering JMX-exposed beans
