2019-1-24 14:39:34 restartedMain INFO Refreshing org.springframework.boot.context.embedded.AnnotationConfigEmbeddedWebApplicationContext@28be1112: startup date [Thu Jan 24 14:39:34 CST 2019]; parent: org.springframework.context.annotation.AnnotationConfigApplicationContext@21a2dc11
2019-1-24 14:39:52 restartedMain INFO Tomcat initialized with port(s): 80 (http)
2019-1-24 14:39:55 localhost-startStop-1 INFO Mapping filter: 'metricsFilter' to: [/*]
2019-1-24 14:39:55 localhost-startStop-1 INFO Mapping filter: 'characterEncodingFilter' to: [/*]
2019-1-24 14:39:55 localhost-startStop-1 INFO Mapping filter: 'traceFilter' to: [/*]
2019-1-24 14:39:55 localhost-startStop-1 INFO Mapping filter: 'hiddenHttpMethodFilter' to: [/*]
2019-1-24 14:39:55 localhost-startStop-1 INFO Mapping filter: 'httpPutFormContentFilter' to: [/*]
2019-1-24 14:39:55 localhost-startStop-1 INFO Mapping filter: 'requestContextFilter' to: [/*]
2019-1-24 14:39:55 localhost-startStop-1 INFO Mapping filter: 'webRequestLoggingFilter' to: [/*]
2019-1-24 14:39:55 localhost-startStop-1 INFO Mapping filter: 'applicationContextIdFilter' to: [/*]
2019-1-24 14:39:55 localhost-startStop-1 INFO Mapping servlet: 'dispatcherServlet' to [/]
2019-1-24 14:40:15 restartedMain INFO Mapped "{[/channels || /channels.json],methods=[GET],produces=[application/vnd.spring-boot.actuator.v1+json || application/json]}" onto public java.lang.Object org.springframework.boot.actuate.endpoint.mvc.EndpointMvcAdapter.invoke()
2019-1-24 14:40:15 restartedMain INFO Mapped "{[/beans || /beans.json],methods=[GET],produces=[application/vnd.spring-boot.actuator.v1+json || application/json]}" onto public java.lang.Object org.springframework.boot.actuate.endpoint.mvc.EndpointMvcAdapter.invoke()
2019-1-24 14:40:15 restartedMain INFO Mapped "{[/configprops || /configprops.json],methods=[GET],produces=[application/vnd.spring-boot.actuator.v1+json || application/json]}" onto public java.lang.Object org.springframework.boot.actuate.endpoint.mvc.EndpointMvcAdapter.invoke()
2019-1-24 14:40:15 restartedMain INFO Mapped "{[/heapdump || /heapdump.json],methods=[GET],produces=[application/octet-stream]}" onto public void org.springframework.boot.actuate.endpoint.mvc.HeapdumpMvcEndpoint.invoke(boolean,javax.servlet.http.HttpServletRequest,javax.servlet.http.HttpServletResponse) throws java.io.IOException,javax.servlet.ServletException
2019-1-24 14:40:15 restartedMain INFO Mapped "{[/bus/refresh],methods=[POST]}" onto public void org.springframework.cloud.bus.endpoint.RefreshBusEndpoint.refresh(java.lang.String)
2019-1-24 14:40:15 restartedMain INFO Mapped "{[/env],methods=[POST]}" onto public java.lang.Object org.springframework.cloud.context.environment.EnvironmentManagerMvcEndpoint.value(java.util.Map<java.lang.String, java.lang.String>)
2019-1-24 14:40:15 restartedMain INFO Mapped "{[/env/reset],methods=[POST]}" onto public java.util.Map<java.lang.String, java.lang.Object> org.springframework.cloud.context.environment.EnvironmentManagerMvcEndpoint.reset()
2019-1-24 14:40:15 restartedMain INFO Mapped "{[/info || /info.json],methods=[GET],produces=[application/vnd.spring-boot.actuator.v1+json || application/json]}" onto public java.lang.Object org.springframework.boot.actuate.endpoint.mvc.EndpointMvcAdapter.invoke()
2019-1-24 14:40:15 restartedMain INFO Mapped "{[/service-registry/instance-status],methods=[GET]}" onto public org.springframework.http.ResponseEntity org.springframework.cloud.client.serviceregistry.endpoint.ServiceRegistryEndpoint.getStatus()
2019-1-24 14:40:15 restartedMain INFO Mapped "{[/service-registry/instance-status],methods=[POST]}" onto public org.springframework.http.ResponseEntity<?> org.springframework.cloud.client.serviceregistry.endpoint.ServiceRegistryEndpoint.setStatus(java.lang.String)
2019-1-24 14:40:15 restartedMain INFO Mapped "{[/mappings || /mappings.json],methods=[GET],produces=[application/vnd.spring-boot.actuator.v1+json || application/json]}" onto public java.lang.Object org.springframework.boot.actuate.endpoint.mvc.EndpointMvcAdapter.invoke()
2019-1-24 14:40:15 restartedMain INFO Mapped "{[/dump || /dump.json],methods=[GET],produces=[application/vnd.spring-boot.actuator.v1+json || application/json]}" onto public java.lang.Object org.springframework.boot.actuate.endpoint.mvc.EndpointMvcAdapter.invoke()
2019-1-24 14:40:15 restartedMain INFO Mapped "{[/loggers/{name:.*}],methods=[GET],produces=[application/vnd.spring-boot.actuator.v1+json || application/json]}" onto public java.lang.Object org.springframework.boot.actuate.endpoint.mvc.LoggersMvcEndpoint.get(java.lang.String)
2019-1-24 14:40:15 restartedMain INFO Mapped "{[/loggers/{name:.*}],methods=[POST],consumes=[application/vnd.spring-boot.actuator.v1+json || application/json],produces=[application/vnd.spring-boot.actuator.v1+json || application/json]}" onto public java.lang.Object org.springframework.boot.actuate.endpoint.mvc.LoggersMvcEndpoint.set(java.lang.String,java.util.Map<java.lang.String, java.lang.String>)
2019-1-24 14:40:15 restartedMain INFO Mapped "{[/loggers || /loggers.json],methods=[GET],produces=[application/vnd.spring-boot.actuator.v1+json || application/json]}" onto public java.lang.Object org.springframework.boot.actuate.endpoint.mvc.EndpointMvcAdapter.invoke()
2019-1-24 14:40:15 restartedMain INFO Mapped "{[/env/{name:.*}],methods=[GET],produces=[application/vnd.spring-boot.actuator.v1+json || application/json]}" onto public java.lang.Object org.springframework.boot.actuate.endpoint.mvc.EnvironmentMvcEndpoint.value(java.lang.String)
2019-1-24 14:40:15 restartedMain INFO Mapped "{[/env || /env.json],methods=[GET],produces=[application/vnd.spring-boot.actuator.v1+json || application/json]}" onto public java.lang.Object org.springframework.boot.actuate.endpoint.mvc.EndpointMvcAdapter.invoke()
2019-1-24 14:40:15 restartedMain INFO Mapped "{[/metrics/{name:.*}],methods=[GET],produces=[application/vnd.spring-boot.actuator.v1+json || application/json]}" onto public java.lang.Object org.springframework.boot.actuate.endpoint.mvc.MetricsMvcEndpoint.value(java.lang.String)
2019-1-24 14:40:15 restartedMain INFO Mapped "{[/metrics || /metrics.json],methods=[GET],produces=[application/vnd.spring-boot.actuator.v1+json || application/json]}" onto public java.lang.Object org.springframework.boot.actuate.endpoint.mvc.EndpointMvcAdapter.invoke()
2019-1-24 14:40:15 restartedMain INFO Mapped "{[/refresh || /refresh.json],methods=[POST]}" onto public java.lang.Object org.springframework.cloud.endpoint.GenericPostableMvcEndpoint.invoke()
2019-1-24 14:40:15 restartedMain INFO Mapped "{[/bus/env],methods=[POST]}" onto public void org.springframework.cloud.bus.endpoint.EnvironmentBusEndpoint.env(java.util.Map<java.lang.String, java.lang.String>,java.lang.String)
2019-1-24 14:40:15 restartedMain INFO Mapped "{[/health || /health.json],methods=[GET],produces=[application/vnd.spring-boot.actuator.v1+json || application/json]}" onto public java.lang.Object org.springframework.boot.actuate.endpoint.mvc.HealthMvcEndpoint.invoke(javax.servlet.http.HttpServletRequest,java.security.Principal)
2019-1-24 14:40:15 restartedMain INFO Mapped "{[/archaius || /archaius.json],methods=[GET],produces=[application/vnd.spring-boot.actuator.v1+json || application/json]}" onto public java.lang.Object org.springframework.boot.actuate.endpoint.mvc.EndpointMvcAdapter.invoke()
2019-1-24 14:40:15 restartedMain INFO Mapped "{[/autoconfig || /autoconfig.json],methods=[GET],produces=[application/vnd.spring-boot.actuator.v1+json || application/json]}" onto public java.lang.Object org.springframework.boot.actuate.endpoint.mvc.EndpointMvcAdapter.invoke()
2019-1-24 14:40:15 restartedMain INFO Mapped "{[/auditevents || /auditevents.json],methods=[GET],produces=[application/vnd.spring-boot.actuator.v1+json || application/json]}" onto public org.springframework.http.ResponseEntity<?> org.springframework.boot.actuate.endpoint.mvc.AuditEventsMvcEndpoint.findByPrincipalAndAfterAndType(java.lang.String,java.util.Date,java.lang.String)
2019-1-24 14:40:15 restartedMain INFO Mapped "{[/features || /features.json],methods=[GET],produces=[application/vnd.spring-boot.actuator.v1+json || application/json]}" onto public java.lang.Object org.springframework.boot.actuate.endpoint.mvc.EndpointMvcAdapter.invoke()
2019-1-24 14:40:15 restartedMain INFO Mapped "{[/trace || /trace.json],methods=[GET],produces=[application/vnd.spring-boot.actuator.v1+json || application/json]}" onto public java.lang.Object org.springframework.boot.actuate.endpoint.mvc.EndpointMvcAdapter.invoke()
2019-1-24 14:40:17 restartedMain INFO LiveReload server is running on port 35729
2019-1-24 14:40:21 restartedMain INFO Registering beans for JMX exposure on startup
2019-1-24 14:40:29 restartedMain INFO Located managed bean 'auditEventsEndpoint': registering with JMX server as MBean [org.springframework.boot:type=Endpoint,name=auditEventsEndpoint]
2019-1-24 14:40:29 restartedMain INFO Located managed bean 'archaiusEndpoint': registering with JMX server as MBean [org.springframework.boot:type=Endpoint,name=archaiusEndpoint]
2019-1-24 14:40:29 restartedMain INFO Located managed bean 'featuresEndpoint': registering with JMX server as MBean [org.springframework.boot:type=Endpoint,name=featuresEndpoint]
2019-1-24 14:40:29 restartedMain INFO Located managed bean 'requestMappingEndpoint': registering with JMX server as MBean [org.springframework.boot:type=Endpoint,name=requestMappingEndpoint]
2019-1-24 14:40:29 restartedMain INFO Located managed bean 'environmentEndpoint': registering with JMX server as MBean [org.springframework.boot:type=Endpoint,name=environmentEndpoint]
2019-1-24 14:40:29 restartedMain INFO Located managed bean 'healthEndpoint': registering with JMX server as MBean [org.springframework.boot:type=Endpoint,name=healthEndpoint]
2019-1-24 14:40:29 restartedMain INFO Located managed bean 'beansEndpoint': registering with JMX server as MBean [org.springframework.boot:type=Endpoint,name=beansEndpoint]
2019-1-24 14:40:29 restartedMain INFO Located managed bean 'infoEndpoint': registering with JMX server as MBean [org.springframework.boot:type=Endpoint,name=infoEndpoint]
2019-1-24 14:40:29 restartedMain INFO Located managed bean 'loggersEndpoint': registering with JMX server as MBean [org.springframework.boot:type=Endpoint,name=loggersEndpoint]
2019-1-24 14:40:29 restartedMain INFO Located managed bean 'metricsEndpoint': registering with JMX server as MBean [org.springframework.boot:type=Endpoint,name=metricsEndpoint]
2019-1-24 14:40:29 restartedMain INFO Located managed bean 'traceEndpoint': registering with JMX server as MBean [org.springframework.boot:type=Endpoint,name=traceEndpoint]
2019-1-24 14:40:29 restartedMain INFO Located managed bean 'dumpEndpoint': registering with JMX server as MBean [org.springframework.boot:type=Endpoint,name=dumpEndpoint]
2019-1-24 14:40:29 restartedMain INFO Located managed bean 'autoConfigurationReportEndpoint': registering with JMX server as MBean [org.springframework.boot:type=Endpoint,name=autoConfigurationReportEndpoint]
2019-1-24 14:40:29 restartedMain INFO Located managed bean 'configurationPropertiesReportEndpoint': registering with JMX server as MBean [org.springframework.boot:type=Endpoint,name=configurationPropertiesReportEndpoint]
2019-1-24 14:40:29 restartedMain INFO Located managed bean 'busEndpoint': registering with JMX server as MBean [org.springframework.boot:type=Endpoint,name=busEndpoint]
2019-1-24 14:40:29 restartedMain INFO Located managed bean 'channelsEndpoint': registering with JMX server as MBean [org.springframework.boot:type=Endpoint,name=channelsEndpoint]
2019-1-24 14:40:30 restartedMain INFO Tomcat started on port(s): 80 (http)
2019-1-24 14:42:06 RMI TCP Connection(2)-192.168.8.132 INFO Application shutdown requested.
2019-1-24 14:42:06 RMI TCP Connection(2)-192.168.8.132 INFO Closing org.springframework.boot.context.embedded.AnnotationConfigEmbeddedWebApplicationContext@28be1112: startup date [Thu Jan 24 14:39:34 CST 2019]; parent: org.springframework.context.annotation.AnnotationConfigApplicationContext@21a2dc11
2019-1-24 14:42:06 RMI TCP Connection(2)-192.168.8.132 INFO Unregistering JMX-exposed beans on shutdown
2019-1-24 14:42:06 RMI TCP Connection(2)-192.168.8.132 INFO Unregistering JMX-exposed beans
2019-1-24 20:19:12 restartedMain INFO Refreshing org.springframework.boot.context.embedded.AnnotationConfigEmbeddedWebApplicationContext@5724fad: startup date [Thu Jan 24 20:19:12 CST 2019]; parent: org.springframework.context.annotation.AnnotationConfigApplicationContext@754dba0d
2019-1-24 20:19:28 restartedMain INFO Tomcat initialized with port(s): 80 (http)
2019-1-24 20:19:34 localhost-startStop-1 INFO Mapping filter: 'metricsFilter' to: [/*]
2019-1-24 20:19:34 localhost-startStop-1 INFO Mapping filter: 'characterEncodingFilter' to: [/*]
2019-1-24 20:19:34 localhost-startStop-1 INFO Mapping filter: 'traceFilter' to: [/*]
2019-1-24 20:19:34 localhost-startStop-1 INFO Mapping filter: 'hiddenHttpMethodFilter' to: [/*]
2019-1-24 20:19:34 localhost-startStop-1 INFO Mapping filter: 'httpPutFormContentFilter' to: [/*]
2019-1-24 20:19:34 localhost-startStop-1 INFO Mapping filter: 'requestContextFilter' to: [/*]
2019-1-24 20:19:34 localhost-startStop-1 INFO Mapping filter: 'webRequestLoggingFilter' to: [/*]
2019-1-24 20:19:34 localhost-startStop-1 INFO Mapping filter: 'applicationContextIdFilter' to: [/*]
2019-1-24 20:19:34 localhost-startStop-1 INFO Mapping servlet: 'dispatcherServlet' to [/]
2019-1-24 20:20:06 restartedMain INFO Mapped "{[/archaius || /archaius.json],methods=[GET],produces=[application/vnd.spring-boot.actuator.v1+json || application/json]}" onto public java.lang.Object org.springframework.boot.actuate.endpoint.mvc.EndpointMvcAdapter.invoke()
2019-1-24 20:20:06 restartedMain INFO Mapped "{[/mappings || /mappings.json],methods=[GET],produces=[application/vnd.spring-boot.actuator.v1+json || application/json]}" onto public java.lang.Object org.springframework.boot.actuate.endpoint.mvc.EndpointMvcAdapter.invoke()
2019-1-24 20:20:06 restartedMain INFO Mapped "{[/bus/refresh],methods=[POST]}" onto public void org.springframework.cloud.bus.endpoint.RefreshBusEndpoint.refresh(java.lang.String)
2019-1-24 20:20:06 restartedMain INFO Mapped "{[/features || /features.json],methods=[GET],produces=[application/vnd.spring-boot.actuator.v1+json || application/json]}" onto public java.lang.Object org.springframework.boot.actuate.endpoint.mvc.EndpointMvcAdapter.invoke()
2019-1-24 20:20:06 restartedMain INFO Mapped "{[/channels || /channels.json],methods=[GET],produces=[application/vnd.spring-boot.actuator.v1+json || application/json]}" onto public java.lang.Object org.springframework.boot.actuate.endpoint.mvc.EndpointMvcAdapter.invoke()
2019-1-24 20:20:06 restartedMain INFO Mapped "{[/metrics/{name:.*}],methods=[GET],produces=[application/vnd.spring-boot.actuator.v1+json || application/json]}" onto public java.lang.Object org.springframework.boot.actuate.endpoint.mvc.MetricsMvcEndpoint.value(java.lang.String)
2019-1-24 20:20:06 restartedMain INFO Mapped "{[/metrics || /metrics.json],methods=[GET],produces=[application/vnd.spring-boot.actuator.v1+json || application/json]}" onto public java.lang.Object org.springframework.boot.actuate.endpoint.mvc.EndpointMvcAdapter.invoke()
2019-1-24 20:20:06 restartedMain INFO Mapped "{[/configprops || /configprops.json],methods=[GET],produces=[application/vnd.spring-boot.actuator.v1+json || application/json]}" onto public java.lang.Object org.springframework.boot.actuate.endpoint.mvc.EndpointMvcAdapter.invoke()
2019-1-24 20:20:06 restartedMain INFO Mapped "{[/trace || /trace.json],methods=[GET],produces=[application/vnd.spring-boot.actuator.v1+json || application/json]}" onto public java.lang.Object org.springframework.boot.actuate.endpoint.mvc.EndpointMvcAdapter.invoke()
2019-1-24 20:20:06 restartedMain INFO Mapped "{[/loggers/{name:.*}],methods=[GET],produces=[application/vnd.spring-boot.actuator.v1+json || application/json]}" onto public java.lang.Object org.springframework.boot.actuate.endpoint.mvc.LoggersMvcEndpoint.get(java.lang.String)
2019-1-24 20:20:06 restartedMain INFO Mapped "{[/loggers/{name:.*}],methods=[POST],consumes=[application/vnd.spring-boot.actuator.v1+json || application/json],produces=[application/vnd.spring-boot.actuator.v1+json || application/json]}" onto public java.lang.Object org.springframework.boot.actuate.endpoint.mvc.LoggersMvcEndpoint.set(java.lang.String,java.util.Map<java.lang.String, java.lang.String>)
2019-1-24 20:20:06 restartedMain INFO Mapped "{[/loggers || /loggers.json],methods=[GET],produces=[application/vnd.spring-boot.actuator.v1+json || application/json]}" onto public java.lang.Object org.springframework.boot.actuate.endpoint.mvc.EndpointMvcAdapter.invoke()
2019-1-24 20:20:06 restartedMain INFO Mapped "{[/refresh || /refresh.json],methods=[POST]}" onto public java.lang.Object org.springframework.cloud.endpoint.GenericPostableMvcEndpoint.invoke()
2019-1-24 20:20:06 restartedMain INFO Mapped "{[/info || /info.json],methods=[GET],produces=[application/vnd.spring-boot.actuator.v1+json || application/json]}" onto public java.lang.Object org.springframework.boot.actuate.endpoint.mvc.EndpointMvcAdapter.invoke()
2019-1-24 20:20:06 restartedMain INFO Mapped "{[/beans || /beans.json],methods=[GET],produces=[application/vnd.spring-boot.actuator.v1+json || application/json]}" onto public java.lang.Object org.springframework.boot.actuate.endpoint.mvc.EndpointMvcAdapter.invoke()
2019-1-24 20:20:06 restartedMain INFO Mapped "{[/auditevents || /auditevents.json],methods=[GET],produces=[application/vnd.spring-boot.actuator.v1+json || application/json]}" onto public org.springframework.http.ResponseEntity<?> org.springframework.boot.actuate.endpoint.mvc.AuditEventsMvcEndpoint.findByPrincipalAndAfterAndType(java.lang.String,java.util.Date,java.lang.String)
2019-1-24 20:20:06 restartedMain INFO Mapped "{[/heapdump || /heapdump.json],methods=[GET],produces=[application/octet-stream]}" onto public void org.springframework.boot.actuate.endpoint.mvc.HeapdumpMvcEndpoint.invoke(boolean,javax.servlet.http.HttpServletRequest,javax.servlet.http.HttpServletResponse) throws java.io.IOException,javax.servlet.ServletException
2019-1-24 20:20:06 restartedMain INFO Mapped "{[/dump || /dump.json],methods=[GET],produces=[application/vnd.spring-boot.actuator.v1+json || application/json]}" onto public java.lang.Object org.springframework.boot.actuate.endpoint.mvc.EndpointMvcAdapter.invoke()
2019-1-24 20:20:06 restartedMain INFO Mapped "{[/health || /health.json],methods=[GET],produces=[application/vnd.spring-boot.actuator.v1+json || application/json]}" onto public java.lang.Object org.springframework.boot.actuate.endpoint.mvc.HealthMvcEndpoint.invoke(javax.servlet.http.HttpServletRequest,java.security.Principal)
2019-1-24 20:20:06 restartedMain INFO Mapped "{[/service-registry/instance-status],methods=[POST]}" onto public org.springframework.http.ResponseEntity<?> org.springframework.cloud.client.serviceregistry.endpoint.ServiceRegistryEndpoint.setStatus(java.lang.String)
2019-1-24 20:20:06 restartedMain INFO Mapped "{[/service-registry/instance-status],methods=[GET]}" onto public org.springframework.http.ResponseEntity org.springframework.cloud.client.serviceregistry.endpoint.ServiceRegistryEndpoint.getStatus()
2019-1-24 20:20:06 restartedMain INFO Mapped "{[/env/{name:.*}],methods=[GET],produces=[application/vnd.spring-boot.actuator.v1+json || application/json]}" onto public java.lang.Object org.springframework.boot.actuate.endpoint.mvc.EnvironmentMvcEndpoint.value(java.lang.String)
2019-1-24 20:20:06 restartedMain INFO Mapped "{[/env || /env.json],methods=[GET],produces=[application/vnd.spring-boot.actuator.v1+json || application/json]}" onto public java.lang.Object org.springframework.boot.actuate.endpoint.mvc.EndpointMvcAdapter.invoke()
2019-1-24 20:20:06 restartedMain INFO Mapped "{[/env],methods=[POST]}" onto public java.lang.Object org.springframework.cloud.context.environment.EnvironmentManagerMvcEndpoint.value(java.util.Map<java.lang.String, java.lang.String>)
2019-1-24 20:20:06 restartedMain INFO Mapped "{[/env/reset],methods=[POST]}" onto public java.util.Map<java.lang.String, java.lang.Object> org.springframework.cloud.context.environment.EnvironmentManagerMvcEndpoint.reset()
2019-1-24 20:20:06 restartedMain INFO Mapped "{[/bus/env],methods=[POST]}" onto public void org.springframework.cloud.bus.endpoint.EnvironmentBusEndpoint.env(java.util.Map<java.lang.String, java.lang.String>,java.lang.String)
2019-1-24 20:20:06 restartedMain INFO Mapped "{[/autoconfig || /autoconfig.json],methods=[GET],produces=[application/vnd.spring-boot.actuator.v1+json || application/json]}" onto public java.lang.Object org.springframework.boot.actuate.endpoint.mvc.EndpointMvcAdapter.invoke()
2019-1-24 20:20:09 restartedMain INFO LiveReload server is running on port 35729
2019-1-24 20:20:14 restartedMain INFO Registering beans for JMX exposure on startup
2019-1-24 20:20:24 restartedMain INFO Located managed bean 'auditEventsEndpoint': registering with JMX server as MBean [org.springframework.boot:type=Endpoint,name=auditEventsEndpoint]
2019-1-24 20:20:24 restartedMain INFO Located managed bean 'archaiusEndpoint': registering with JMX server as MBean [org.springframework.boot:type=Endpoint,name=archaiusEndpoint]
2019-1-24 20:20:24 restartedMain INFO Located managed bean 'featuresEndpoint': registering with JMX server as MBean [org.springframework.boot:type=Endpoint,name=featuresEndpoint]
2019-1-24 20:20:24 restartedMain INFO Located managed bean 'requestMappingEndpoint': registering with JMX server as MBean [org.springframework.boot:type=Endpoint,name=requestMappingEndpoint]
2019-1-24 20:20:24 restartedMain INFO Located managed bean 'environmentEndpoint': registering with JMX server as MBean [org.springframework.boot:type=Endpoint,name=environmentEndpoint]
2019-1-24 20:20:24 restartedMain INFO Located managed bean 'healthEndpoint': registering with JMX server as MBean [org.springframework.boot:type=Endpoint,name=healthEndpoint]
2019-1-24 20:20:24 restartedMain INFO Located managed bean 'beansEndpoint': registering with JMX server as MBean [org.springframework.boot:type=Endpoint,name=beansEndpoint]
2019-1-24 20:20:24 restartedMain INFO Located managed bean 'infoEndpoint': registering with JMX server as MBean [org.springframework.boot:type=Endpoint,name=infoEndpoint]
2019-1-24 20:20:24 restartedMain INFO Located managed bean 'loggersEndpoint': registering with JMX server as MBean [org.springframework.boot:type=Endpoint,name=loggersEndpoint]
2019-1-24 20:20:24 restartedMain INFO Located managed bean 'metricsEndpoint': registering with JMX server as MBean [org.springframework.boot:type=Endpoint,name=metricsEndpoint]
2019-1-24 20:20:24 restartedMain INFO Located managed bean 'traceEndpoint': registering with JMX server as MBean [org.springframework.boot:type=Endpoint,name=traceEndpoint]
2019-1-24 20:20:24 restartedMain INFO Located managed bean 'dumpEndpoint': registering with JMX server as MBean [org.springframework.boot:type=Endpoint,name=dumpEndpoint]
2019-1-24 20:20:24 restartedMain INFO Located managed bean 'autoConfigurationReportEndpoint': registering with JMX server as MBean [org.springframework.boot:type=Endpoint,name=autoConfigurationReportEndpoint]
2019-1-24 20:20:24 restartedMain INFO Located managed bean 'configurationPropertiesReportEndpoint': registering with JMX server as MBean [org.springframework.boot:type=Endpoint,name=configurationPropertiesReportEndpoint]
2019-1-24 20:20:24 restartedMain INFO Located managed bean 'busEndpoint': registering with JMX server as MBean [org.springframework.boot:type=Endpoint,name=busEndpoint]
2019-1-24 20:20:24 restartedMain INFO Located managed bean 'channelsEndpoint': registering with JMX server as MBean [org.springframework.boot:type=Endpoint,name=channelsEndpoint]
2019-1-24 20:20:25 restartedMain INFO Tomcat started on port(s): 80 (http)
2019-1-24 20:25:33 RMI TCP Connection(2)-192.168.8.132 INFO Application shutdown requested.
2019-1-24 20:25:33 RMI TCP Connection(2)-192.168.8.132 INFO Closing org.springframework.boot.context.embedded.AnnotationConfigEmbeddedWebApplicationContext@5724fad: startup date [Thu Jan 24 20:19:12 CST 2019]; parent: org.springframework.context.annotation.AnnotationConfigApplicationContext@754dba0d
2019-1-24 20:25:33 RMI TCP Connection(3)-192.168.8.132 INFO Application shutdown requested.
2019-1-24 20:25:33 RMI TCP Connection(2)-192.168.8.132 INFO Unregistering JMX-exposed beans on shutdown
2019-1-24 20:25:33 RMI TCP Connection(2)-192.168.8.132 INFO Unregistering JMX-exposed beans
